[17-Apr-2024 11:08:54] NOTICE: fpm is running, pid 5816
[17-Apr-2024 11:08:54] NOTICE: ready to handle connections
[17-Apr-2024 16:24:16] NOTICE: Terminating ...
[17-Apr-2024 16:24:16] NOTICE: Terminating ...
[17-Apr-2024 16:24:16] NOTICE: exiting, bye-bye!
[17-Apr-2024 16:24:18] NOTICE: fpm is running, pid 10522
[17-Apr-2024 16:24:18] NOTICE: ready to handle connections
[17-Apr-2024 17:11:09] NOTICE: Terminating ...
[17-Apr-2024 17:11:09] NOTICE: Terminating ...
[17-Apr-2024 17:11:09] NOTICE: exiting, bye-bye!
[17-Apr-2024 17:11:19] NOTICE: fpm is running, pid 12114
[17-Apr-2024 17:11:19] NOTICE: ready to handle connections
[17-Apr-2024 17:43:29] NOTICE: Terminating ...
[17-Apr-2024 17:43:29] NOTICE: Terminating ...
[17-Apr-2024 17:43:29] NOTICE: exiting, bye-bye!
[17-Apr-2024 17:43:31] NOTICE: fpm is running, pid 12646
[17-Apr-2024 17:43:31] NOTICE: ready to handle connections
[17-Apr-2024 17:43:45] NOTICE: Terminating ...
[17-Apr-2024 17:43:45] NOTICE: Terminating ...
[17-Apr-2024 17:43:45] NOTICE: exiting, bye-bye!
[17-Apr-2024 17:43:49] NOTICE: fpm is running, pid 12726
[17-Apr-2024 17:43:49] NOTICE: ready to handle connections
[17-Apr-2024 20:12:30] NOTICE: Terminating ...
[17-Apr-2024 20:12:30] NOTICE: exiting, bye-bye!
[19-Apr-2024 10:09:48] NOTICE: fpm is running, pid 4147
[19-Apr-2024 10:09:48] NOTICE: ready to handle connections
[19-Apr-2024 19:06:48] NOTICE: Terminating ...
[19-Apr-2024 19:06:48] NOTICE: exiting, bye-bye!
[23-Apr-2024 11:01:14] NOTICE: fpm is running, pid 36850
[23-Apr-2024 11:01:14] NOTICE: ready to handle connections
[23-Apr-2024 12:37:20] NOTICE: Terminating ...
[23-Apr-2024 12:37:20] NOTICE: Terminating ...
[23-Apr-2024 12:37:20] NOTICE: exiting, bye-bye!
[26-Apr-2024 09:00:50] NOTICE: fpm is running, pid 5522
[26-Apr-2024 09:00:50] NOTICE: ready to handle connections
[26-Apr-2024 17:07:48] NOTICE: Terminating ...
[26-Apr-2024 17:07:48] NOTICE: exiting, bye-bye!
[29-Apr-2024 11:54:28] NOTICE: fpm is running, pid 7965
[29-Apr-2024 11:54:28] NOTICE: ready to handle connections
[29-Apr-2024 19:51:45] NOTICE: Terminating ...
[29-Apr-2024 19:51:45] NOTICE: Terminating ...
[29-Apr-2024 19:51:45] NOTICE: exiting, bye-bye!
[30-Apr-2024 09:18:38] NOTICE: fpm is running, pid 4458
[30-Apr-2024 09:18:38] NOTICE: ready to handle connections
[30-Apr-2024 14:10:34] NOTICE: Terminating ...
[30-Apr-2024 14:10:34] NOTICE: exiting, bye-bye!
[03-May-2024 10:23:17] NOTICE: fpm is running, pid 5268
[03-May-2024 10:23:17] NOTICE: ready to handle connections
[03-May-2024 12:39:08] NOTICE: Terminating ...
[03-May-2024 12:39:08] NOTICE: exiting, bye-bye!
[09-May-2024 17:07:28] NOTICE: fpm is running, pid 7274
[09-May-2024 17:07:28] NOTICE: ready to handle connections
[09-May-2024 20:16:52] NOTICE: Terminating ...
[09-May-2024 20:16:52] NOTICE: Terminating ...
[09-May-2024 20:16:52] NOTICE: exiting, bye-bye!
[10-May-2024 08:22:22] NOTICE: fpm is running, pid 4570
[10-May-2024 08:22:22] NOTICE: ready to handle connections
[10-May-2024 14:20:44] NOTICE: Terminating ...
[10-May-2024 14:20:44] NOTICE: exiting, bye-bye!
[13-May-2024 08:45:07] NOTICE: fpm is running, pid 4747
[13-May-2024 08:45:07] NOTICE: ready to handle connections
[13-May-2024 16:51:33] NOTICE: Terminating ...
[13-May-2024 16:51:33] NOTICE: Terminating ...
[13-May-2024 16:51:33] NOTICE: exiting, bye-bye!
[14-May-2024 09:57:53] NOTICE: fpm is running, pid 4496
[14-May-2024 09:57:53] NOTICE: ready to handle connections
[14-May-2024 16:28:41] NOTICE: Terminating ...
[14-May-2024 16:28:41] NOTICE: Terminating ...
[14-May-2024 16:28:41] NOTICE: exiting, bye-bye!
[15-May-2024 08:26:17] NOTICE: fpm is running, pid 3763
[15-May-2024 08:26:17] NOTICE: ready to handle connections
[15-May-2024 12:54:07] NOTICE: Terminating ...
[15-May-2024 12:54:07] NOTICE: Terminating ...
[15-May-2024 12:54:07] NOTICE: exiting, bye-bye!
[16-May-2024 08:40:23] NOTICE: fpm is running, pid 3819
[16-May-2024 08:40:23] NOTICE: ready to handle connections
