[18-Jun-2024 17:07:56 UTC] save_special_order_fields called
[18-Jun-2024 17:07:57 UTC] display_special_order_fields called
[18-Jun-2024 17:08:13 UTC] display_special_order_fields called
[18-Jun-2024 17:08:17 UTC] display_special_order_fields called
[18-Jun-2024 17:08:17 UTC] save_special_order_fields_to_order called
[18-Jun-2024 17:08:21 UTC] delete_special_order_images_on_order_cancel called
[18-Jun-2024 17:08:22 UTC] delete_special_order_images_on_order_cancel called
[18-Jun-2024 17:08:22 UTC] delete_special_order_images_on_cart_emptied called
[18-Jun-2024 17:08:22 UTC] delete_special_order_images_on_cart_emptied called
[18-Jun-2024 17:08:22 UTC] delete_special_order_images_on_cart_emptied called
[18-Jun-2024 17:12:06 UTC] Special Order Plugin has been loaded.
[18-Jun-2024 17:12:07 UTC] Special Order Plugin has been loaded.
[18-Jun-2024 17:12:10 UTC] Special Order Plugin has been loaded.
[18-Jun-2024 17:12:26 UTC] Special Order Plugin has been loaded.
[18-Jun-2024 17:12:26 UTC] save_special_order_fields called
[18-Jun-2024 17:12:26 UTC] Special Order Plugin has been loaded.
[18-Jun-2024 17:12:26 UTC] display_special_order_fields called
[18-Jun-2024 17:12:30 UTC] Special Order Plugin has been loaded.
[18-Jun-2024 17:12:30 UTC] display_special_order_fields called
[18-Jun-2024 17:12:33 UTC] Special Order Plugin has been loaded.
[18-Jun-2024 17:12:33 UTC] display_special_order_fields called
[18-Jun-2024 17:12:33 UTC] save_special_order_fields_to_order called
[18-Jun-2024 17:12:35 UTC] Special Order Plugin has been loaded.
[18-Jun-2024 17:12:35 UTC] delete_special_order_images_on_order_cancel called
[18-Jun-2024 17:12:36 UTC] delete_special_order_images_on_order_cancel called
[18-Jun-2024 17:12:36 UTC] delete_special_order_images_on_cart_emptied called
[18-Jun-2024 17:12:36 UTC] Special Order Plugin has been loaded.
[18-Jun-2024 17:12:36 UTC] delete_special_order_images_on_cart_emptied called
[18-Jun-2024 17:12:36 UTC] delete_special_order_images_on_cart_emptied called
[18-Jun-2024 17:12:43 UTC] Special Order Plugin has been loaded.
[18-Jun-2024 17:12:44 UTC] Special Order Plugin has been loaded.
[18-Jun-2024 17:12:44 UTC] Special Order Plugin has been loaded.
[18-Jun-2024 17:12:44 UTC] Special Order Plugin has been loaded.
[18-Jun-2024 17:12:44 UTC] Special Order Plugin has been loaded.
[18-Jun-2024 17:12:44 UTC] Special Order Plugin has been loaded.
[18-Jun-2024 17:12:44 UTC] Special Order Plugin has been loaded.
[18-Jun-2024 17:12:50 UTC] Special Order Plugin has been loaded.
[18-Jun-2024 17:12:51 UTC] Special Order Plugin has been loaded.
[18-Jun-2024 17:12:52 UTC] Special Order Plugin has been loaded.
[18-Jun-2024 17:12:52 UTC] Special Order Plugin has been loaded.
[18-Jun-2024 17:12:52 UTC] Special Order Plugin has been loaded.
[18-Jun-2024 17:12:52 UTC] Special Order Plugin has been loaded.
[18-Jun-2024 17:12:52 UTC] Special Order Plugin has been loaded.
[18-Jun-2024 17:12:53 UTC] Special Order Plugin has been loaded.
[18-Jun-2024 17:12:54 UTC] Special Order Plugin has been loaded.
[18-Jun-2024 17:12:54 UTC] Special Order Plugin has been loaded.
[18-Jun-2024 17:12:54 UTC] Special Order Plugin has been loaded.
[18-Jun-2024 17:12:54 UTC] Special Order Plugin has been loaded.
[18-Jun-2024 17:12:54 UTC] Special Order Plugin has been loaded.
[18-Jun-2024 17:12:57 UTC] Special Order Plugin has been loaded.
[18-Jun-2024 17:12:58 UTC] Special Order Plugin has been loaded.
[18-Jun-2024 17:12:58 UTC] Special Order Plugin has been loaded.
[18-Jun-2024 17:12:58 UTC] Special Order Plugin has been loaded.
[18-Jun-2024 17:12:59 UTC] Special Order Plugin has been loaded.
[18-Jun-2024 17:12:59 UTC] Special Order Plugin has been loaded.
[18-Jun-2024 17:12:59 UTC] Special Order Plugin has been loaded.
[18-Jun-2024 17:13:59 UTC] Special Order Plugin has been loaded.
[18-Jun-2024 17:14:00 UTC] Special Order Plugin has been loaded.
