05-14-2024 @ 07:11:08 - ---[ New import started at 2024-05-14 07:11:08 ] PHP Memory: 256 MB, WP Memory: 40 MB
05-14-2024 @ 07:11:08 - Preparing for import.
05-14-2024 @ 07:11:08 - Row :1 - Parsing item.
05-14-2024 @ 07:11:08 - Row :1 - Processing item.
05-14-2024 @ 07:11:08 - Found order object. ID:672
05-14-2024 @ 07:11:08 - Row :1 - Order imported successfully.
05-14-2024 @ 07:11:08 - Row :2 - Parsing item.
05-14-2024 @ 07:11:08 - Row :2 - Processing item.
05-14-2024 @ 07:11:09 - Found order object. ID:673
05-14-2024 @ 07:11:09 - Row :2 - Order imported successfully.
05-14-2024 @ 07:11:09 - Row :3 - Parsing item.
05-14-2024 @ 07:11:09 - Row :3 - Processing item.
05-14-2024 @ 07:11:09 - Found order object. ID:674
05-14-2024 @ 07:11:09 - Row :3 - Order imported successfully.
05-14-2024 @ 07:11:09 - Row :4 - Parsing item.
05-14-2024 @ 07:11:09 - Row :4 - Processing item.
05-14-2024 @ 07:11:09 - Found order object. ID:675
05-14-2024 @ 07:11:09 - Row :4 - Order imported successfully.
05-14-2024 @ 07:11:09 - Row :5 - Parsing item.
05-14-2024 @ 07:11:09 - Row :5 - Processing item.
05-14-2024 @ 07:11:09 - Found order object. ID:676
05-14-2024 @ 07:11:09 - Row :5 - Order imported successfully.
05-14-2024 @ 07:11:09 - Row :6 - Parsing item.
05-14-2024 @ 07:11:09 - Row :6 - Processing item.
05-14-2024 @ 07:11:09 - Found order object. ID:677
05-14-2024 @ 07:11:09 - Row :6 - Order imported successfully.
05-14-2024 @ 07:11:09 - Row :7 - Parsing item.
05-14-2024 @ 07:11:09 - Row :7 - Processing item.
05-14-2024 @ 07:11:09 - Found order object. ID:678
05-14-2024 @ 07:11:10 - Row :7 - Order imported successfully.
05-14-2024 @ 07:11:10 - Row :8 - Parsing item.
05-14-2024 @ 07:11:10 - Row :8 - Processing item.
05-14-2024 @ 07:11:10 - Found order object. ID:679
05-14-2024 @ 07:11:10 - Row :8 - Order imported successfully.
05-14-2024 @ 07:11:10 - Row :9 - Parsing item.
05-14-2024 @ 07:11:10 - Row :9 - Processing item.
05-14-2024 @ 07:11:10 - Found order object. ID:680
05-14-2024 @ 07:11:10 - Row :9 - Order imported successfully.
05-14-2024 @ 07:11:10 - Row :10 - Parsing item.
05-14-2024 @ 07:11:10 - Row :10 - Processing item.
05-14-2024 @ 07:11:10 - Found order object. ID:681
05-14-2024 @ 07:11:10 - Row :10 - Order imported successfully.
05-14-2024 @ 07:11:10 - Preparing for import.
05-14-2024 @ 07:11:10 - Row :11 - Parsing item.
05-14-2024 @ 07:11:10 - Row :11 - Processing item.
05-14-2024 @ 07:11:10 - Found order object. ID:682
05-14-2024 @ 07:11:11 - Row :11 - Order imported successfully.
05-14-2024 @ 07:11:11 - Row :12 - Parsing item.
05-14-2024 @ 07:11:11 - Row :12 - Processing item.
05-14-2024 @ 07:11:11 - Found order object. ID:683
05-14-2024 @ 07:11:11 - Row :12 - Order imported successfully.
05-14-2024 @ 07:11:11 - Row :13 - Parsing item.
05-14-2024 @ 07:11:11 - Row :13 - Processing item.
05-14-2024 @ 07:11:11 - Found order object. ID:684
05-14-2024 @ 07:11:11 - Row :13 - Order imported successfully.
05-14-2024 @ 07:11:11 - Row :14 - Parsing item.
05-14-2024 @ 07:11:11 - Row :14 - Processing item.
05-14-2024 @ 07:11:11 - Found order object. ID:685
05-14-2024 @ 07:11:11 - Row :14 - Order imported successfully.
05-14-2024 @ 07:11:11 - Row :15 - Parsing item.
05-14-2024 @ 07:11:11 - Row :15 - Processing item.
05-14-2024 @ 07:11:11 - Found order object. ID:686
05-14-2024 @ 07:11:11 - Row :15 - Order imported successfully.
05-14-2024 @ 07:11:11 - Row :16 - Parsing item.
05-14-2024 @ 07:11:11 - Row :16 - Processing item.
05-14-2024 @ 07:11:11 - Found order object. ID:687
05-14-2024 @ 07:11:11 - Row :16 - Order imported successfully.
05-14-2024 @ 07:11:11 - Row :17 - Parsing item.
05-14-2024 @ 07:11:11 - Row :17 - Processing item.
05-14-2024 @ 07:11:12 - Found order object. ID:688
05-14-2024 @ 07:11:12 - Row :17 - Order imported successfully.
05-14-2024 @ 07:11:12 - Row :18 - Parsing item.
05-14-2024 @ 07:11:12 - Row :18 - Processing item.
05-14-2024 @ 07:11:12 - Found order object. ID:689
05-14-2024 @ 07:11:12 - Row :18 - Order imported successfully.
05-14-2024 @ 07:11:12 - Row :19 - Parsing item.
05-14-2024 @ 07:11:12 - Row :19 - Processing item.
05-14-2024 @ 07:11:12 - Found order object. ID:690
05-14-2024 @ 07:11:12 - Row :19 - Order imported successfully.
05-14-2024 @ 07:11:12 - Row :20 - Parsing item.
05-14-2024 @ 07:11:12 - Row :20 - Processing item.
05-14-2024 @ 07:11:12 - Found order object. ID:691
05-14-2024 @ 07:11:12 - Row :20 - Order imported successfully.
05-14-2024 @ 07:11:12 - Preparing for import.
05-14-2024 @ 07:11:12 - Row :21 - Parsing item.
05-14-2024 @ 07:11:12 - Row :21 - Processing item.
05-14-2024 @ 07:11:13 - Found order object. ID:692
05-14-2024 @ 07:11:13 - Row :21 - Order imported successfully.
05-14-2024 @ 07:11:13 - Row :22 - Parsing item.
05-14-2024 @ 07:11:13 - Row :22 - Processing item.
05-14-2024 @ 07:11:13 - Found order object. ID:693
05-14-2024 @ 07:11:14 - Row :22 - Order imported successfully.
05-14-2024 @ 07:11:14 - Row :23 - Parsing item.
05-14-2024 @ 07:11:14 - Row :23 - Processing item.
05-14-2024 @ 07:11:14 - Found order object. ID:694
05-14-2024 @ 07:11:14 - Row :23 - Order imported successfully.
05-14-2024 @ 07:11:14 - Row :24 - Parsing item.
05-14-2024 @ 07:11:14 - Row :24 - Processing item.
05-14-2024 @ 07:11:14 - Found order object. ID:695
05-14-2024 @ 07:11:14 - Row :24 - Order imported successfully.
05-14-2024 @ 07:11:14 - Row :25 - Parsing item.
05-14-2024 @ 07:11:14 - Row :25 - Processing item.
05-14-2024 @ 07:11:14 - Found order object. ID:696
05-14-2024 @ 07:11:14 - Row :25 - Order imported successfully.
05-14-2024 @ 07:11:14 - Row :26 - Parsing item.
05-14-2024 @ 07:11:14 - Row :26 - Processing item.
05-14-2024 @ 07:11:14 - Found order object. ID:697
05-14-2024 @ 07:11:14 - Row :26 - Order imported successfully.
05-14-2024 @ 07:11:14 - Row :27 - Parsing item.
05-14-2024 @ 07:11:14 - Row :27 - Processing item.
05-14-2024 @ 07:11:14 - Found order object. ID:698
05-14-2024 @ 07:11:14 - Row :27 - Order imported successfully.
05-14-2024 @ 07:11:14 - Row :28 - Parsing item.
05-14-2024 @ 07:11:14 - Row :28 - Processing item.
05-14-2024 @ 07:11:15 - Found order object. ID:699
05-14-2024 @ 07:11:15 - Row :28 - Order imported successfully.
05-14-2024 @ 07:11:15 - Row :29 - Parsing item.
05-14-2024 @ 07:11:15 - Row :29 - Processing item.
05-14-2024 @ 07:11:15 - Found order object. ID:700
05-14-2024 @ 07:11:15 - Row :29 - Order imported successfully.
05-14-2024 @ 07:11:15 - Row :30 - Parsing item.
05-14-2024 @ 07:11:15 - Row :30 - Processing item.
05-14-2024 @ 07:11:15 - Found order object. ID:701
05-14-2024 @ 07:11:15 - Row :30 - Order imported successfully.
05-14-2024 @ 07:11:15 - Preparing for import.
05-14-2024 @ 07:11:15 - Row :31 - Parsing item.
05-14-2024 @ 07:11:15 - Row :31 - Processing item.
05-14-2024 @ 07:11:15 - Found order object. ID:702
05-14-2024 @ 07:11:15 - Row :31 - Order imported successfully.
05-14-2024 @ 07:11:15 - Row :32 - Parsing item.
05-14-2024 @ 07:11:15 - Row :32 - Processing item.
05-14-2024 @ 07:11:15 - Found order object. ID:703
05-14-2024 @ 07:11:16 - Row :32 - Order imported successfully.
05-14-2024 @ 07:11:16 - Row :33 - Parsing item.
05-14-2024 @ 07:11:16 - Row :33 - Processing item.
05-14-2024 @ 07:11:16 - Found order object. ID:704
05-14-2024 @ 07:11:16 - Row :33 - Order imported successfully.
05-14-2024 @ 07:11:16 - Row :34 - Parsing item.
05-14-2024 @ 07:11:16 - Row :34 - Processing item.
05-14-2024 @ 07:11:16 - Found order object. ID:705
05-14-2024 @ 07:11:16 - Row :34 - Order imported successfully.
05-14-2024 @ 07:11:16 - Row :35 - Parsing item.
05-14-2024 @ 07:11:16 - Row :35 - Processing item.
05-14-2024 @ 07:11:16 - Found order object. ID:706
05-14-2024 @ 07:11:16 - Row :35 - Order imported successfully.
05-14-2024 @ 07:11:16 - Row :36 - Parsing item.
05-14-2024 @ 07:11:16 - Row :36 - Processing item.
05-14-2024 @ 07:11:16 - Found order object. ID:707
05-14-2024 @ 07:11:16 - Row :36 - Order imported successfully.
05-14-2024 @ 07:11:16 - Row :37 - Parsing item.
05-14-2024 @ 07:11:16 - Row :37 - Processing item.
05-14-2024 @ 07:11:16 - Found order object. ID:708
05-14-2024 @ 07:11:17 - Row :37 - Order imported successfully.
05-14-2024 @ 07:11:17 - Row :38 - Parsing item.
05-14-2024 @ 07:11:17 - Row :38 - Processing item.
05-14-2024 @ 07:11:17 - Found order object. ID:709
05-14-2024 @ 07:11:17 - Row :38 - Order imported successfully.
05-14-2024 @ 07:11:17 - Row :39 - Parsing item.
05-14-2024 @ 07:11:17 - Row :39 - Processing item.
05-14-2024 @ 07:11:17 - Found order object. ID:710
05-14-2024 @ 07:11:17 - Row :39 - Order imported successfully.
05-14-2024 @ 07:11:17 - Row :40 - Parsing item.
05-14-2024 @ 07:11:17 - Row :40 - Processing item.
05-14-2024 @ 07:11:17 - Found order object. ID:711
05-14-2024 @ 07:11:17 - Row :40 - Order imported successfully.
