05-14-2024 @ 07:13:39 - ---[ New import started at 2024-05-14 07:13:39 ] PHP Memory: 256 MB, WP Memory: 40 MB
05-14-2024 @ 07:13:39 - Preparing for import.
05-14-2024 @ 07:13:39 - Row :1 - Parsing item.
05-14-2024 @ 07:13:39 - Row :1 - Processing item.
05-14-2024 @ 07:13:39 - Found order object. ID:712
05-14-2024 @ 07:13:40 - Row :1 - Order imported successfully.
05-14-2024 @ 07:13:40 - Row :2 - Parsing item.
05-14-2024 @ 07:13:40 - Row :2 - Processing item.
05-14-2024 @ 07:13:40 - Found order object. ID:713
05-14-2024 @ 07:13:40 - Row :2 - Order imported successfully.
05-14-2024 @ 07:13:40 - Row :3 - Parsing item.
05-14-2024 @ 07:13:40 - Row :3 - Processing item.
05-14-2024 @ 07:13:40 - Found order object. ID:714
05-14-2024 @ 07:13:40 - Row :3 - Order imported successfully.
05-14-2024 @ 07:13:40 - Row :4 - Parsing item.
05-14-2024 @ 07:13:40 - Row :4 - Processing item.
05-14-2024 @ 07:13:40 - Found order object. ID:715
05-14-2024 @ 07:13:40 - Row :4 - Order imported successfully.
05-14-2024 @ 07:13:40 - Row :5 - Parsing item.
05-14-2024 @ 07:13:40 - Row :5 - Processing item.
05-14-2024 @ 07:13:40 - Found order object. ID:716
05-14-2024 @ 07:13:40 - Row :5 - Order imported successfully.
05-14-2024 @ 07:13:40 - Row :6 - Parsing item.
05-14-2024 @ 07:13:40 - Row :6 - Processing item.
05-14-2024 @ 07:13:40 - Found order object. ID:717
05-14-2024 @ 07:13:41 - Row :6 - Order imported successfully.
05-14-2024 @ 07:13:41 - Row :7 - Parsing item.
05-14-2024 @ 07:13:41 - Row :7 - Processing item.
05-14-2024 @ 07:13:41 - Found order object. ID:718
05-14-2024 @ 07:13:41 - Row :7 - Order imported successfully.
05-14-2024 @ 07:13:41 - Row :8 - Parsing item.
05-14-2024 @ 07:13:41 - Row :8 - Processing item.
05-14-2024 @ 07:13:41 - Found order object. ID:719
05-14-2024 @ 07:13:41 - Row :8 - Order imported successfully.
05-14-2024 @ 07:13:41 - Row :9 - Parsing item.
05-14-2024 @ 07:13:41 - Row :9 - Processing item.
05-14-2024 @ 07:13:41 - Found order object. ID:720
05-14-2024 @ 07:13:41 - Row :9 - Order imported successfully.
05-14-2024 @ 07:13:41 - Row :10 - Parsing item.
05-14-2024 @ 07:13:41 - Row :10 - Processing item.
05-14-2024 @ 07:13:41 - Found order object. ID:721
05-14-2024 @ 07:13:41 - Row :10 - Order imported successfully.
05-14-2024 @ 07:13:41 - Preparing for import.
05-14-2024 @ 07:13:41 - Row :11 - Parsing item.
05-14-2024 @ 07:13:41 - Row :11 - Processing item.
05-14-2024 @ 07:13:42 - Found order object. ID:722
05-14-2024 @ 07:13:42 - Row :11 - Order imported successfully.
05-14-2024 @ 07:13:42 - Row :12 - Parsing item.
05-14-2024 @ 07:13:42 - Row :12 - Processing item.
05-14-2024 @ 07:13:42 - Found order object. ID:723
05-14-2024 @ 07:13:42 - Row :12 - Order imported successfully.
05-14-2024 @ 07:13:42 - Row :13 - Parsing item.
05-14-2024 @ 07:13:42 - Row :13 - Processing item.
05-14-2024 @ 07:13:42 - Found order object. ID:724
05-14-2024 @ 07:13:42 - Row :13 - Order imported successfully.
05-14-2024 @ 07:13:42 - Row :14 - Parsing item.
05-14-2024 @ 07:13:42 - Row :14 - Processing item.
05-14-2024 @ 07:13:42 - Found order object. ID:725
05-14-2024 @ 07:13:42 - Row :14 - Order imported successfully.
05-14-2024 @ 07:13:42 - Row :15 - Parsing item.
05-14-2024 @ 07:13:42 - Row :15 - Processing item.
05-14-2024 @ 07:13:42 - Found order object. ID:726
05-14-2024 @ 07:13:42 - Row :15 - Order imported successfully.
05-14-2024 @ 07:13:42 - Row :16 - Parsing item.
05-14-2024 @ 07:13:42 - Row :16 - Processing item.
05-14-2024 @ 07:13:43 - Found order object. ID:727
05-14-2024 @ 07:13:43 - Row :16 - Order imported successfully.
05-14-2024 @ 07:13:43 - Row :17 - Parsing item.
05-14-2024 @ 07:13:43 - Row :17 - Processing item.
05-14-2024 @ 07:13:43 - Found order object. ID:728
05-14-2024 @ 07:13:43 - Row :17 - Order imported successfully.
05-14-2024 @ 07:13:43 - Row :18 - Parsing item.
05-14-2024 @ 07:13:43 - Row :18 - Processing item.
05-14-2024 @ 07:13:43 - Found order object. ID:729
05-14-2024 @ 07:13:43 - Row :18 - Order imported successfully.
05-14-2024 @ 07:13:43 - Row :19 - Parsing item.
05-14-2024 @ 07:13:43 - Row :19 - Processing item.
05-14-2024 @ 07:13:43 - Found order object. ID:730
05-14-2024 @ 07:13:43 - Row :19 - Order imported successfully.
05-14-2024 @ 07:13:43 - Row :20 - Parsing item.
05-14-2024 @ 07:13:43 - Row :20 - Processing item.
05-14-2024 @ 07:13:43 - Found order object. ID:731
05-14-2024 @ 07:13:43 - Row :20 - Order imported successfully.
05-14-2024 @ 07:13:44 - Preparing for import.
05-14-2024 @ 07:13:44 - Row :21 - Parsing item.
05-14-2024 @ 07:13:44 - Row :21 - Processing item.
05-14-2024 @ 07:13:44 - Found order object. ID:732
05-14-2024 @ 07:13:45 - Row :21 - Order imported successfully.
05-14-2024 @ 07:13:45 - Row :22 - Parsing item.
05-14-2024 @ 07:13:45 - Row :22 - Processing item.
05-14-2024 @ 07:13:45 - Found order object. ID:733
05-14-2024 @ 07:13:45 - Row :22 - Order imported successfully.
05-14-2024 @ 07:13:45 - Row :23 - Parsing item.
05-14-2024 @ 07:13:45 - Row :23 - Processing item.
05-14-2024 @ 07:13:45 - Found order object. ID:734
05-14-2024 @ 07:13:45 - Row :23 - Order imported successfully.
05-14-2024 @ 07:13:45 - Row :24 - Parsing item.
05-14-2024 @ 07:13:45 - Row :24 - Processing item.
05-14-2024 @ 07:13:45 - Found order object. ID:735
05-14-2024 @ 07:13:45 - Row :24 - Order imported successfully.
05-14-2024 @ 07:13:45 - Row :25 - Parsing item.
05-14-2024 @ 07:13:45 - Row :25 - Processing item.
05-14-2024 @ 07:13:45 - Found order object. ID:736
05-14-2024 @ 07:13:45 - Row :25 - Order imported successfully.
05-14-2024 @ 07:13:45 - Row :26 - Parsing item.
05-14-2024 @ 07:13:45 - Row :26 - Processing item.
05-14-2024 @ 07:13:45 - Found order object. ID:737
05-14-2024 @ 07:13:46 - Row :26 - Order imported successfully.
05-14-2024 @ 07:13:46 - Row :27 - Parsing item.
05-14-2024 @ 07:13:46 - Row :27 - Processing item.
05-14-2024 @ 07:13:46 - Found order object. ID:738
05-14-2024 @ 07:13:46 - Row :27 - Order imported successfully.
05-14-2024 @ 07:13:46 - Row :28 - Parsing item.
05-14-2024 @ 07:13:46 - Row :28 - Processing item.
05-14-2024 @ 07:13:46 - Found order object. ID:739
05-14-2024 @ 07:13:46 - Row :28 - Order imported successfully.
05-14-2024 @ 07:13:46 - Row :29 - Parsing item.
05-14-2024 @ 07:13:46 - Row :29 - Processing item.
05-14-2024 @ 07:13:46 - Found order object. ID:740
05-14-2024 @ 07:13:46 - Row :29 - Order imported successfully.
05-14-2024 @ 07:13:46 - Row :30 - Parsing item.
05-14-2024 @ 07:13:46 - Row :30 - Processing item.
05-14-2024 @ 07:13:46 - Found order object. ID:741
05-14-2024 @ 07:13:46 - Row :30 - Order imported successfully.
05-14-2024 @ 07:13:46 - Preparing for import.
05-14-2024 @ 07:13:46 - Row :31 - Parsing item.
05-14-2024 @ 07:13:46 - Row :31 - Processing item.
05-14-2024 @ 07:13:46 - Found order object. ID:742
05-14-2024 @ 07:13:47 - Row :31 - Order imported successfully.
05-14-2024 @ 07:13:47 - Row :32 - Parsing item.
05-14-2024 @ 07:13:47 - Row :32 - Processing item.
05-14-2024 @ 07:13:47 - Found order object. ID:743
05-14-2024 @ 07:13:47 - Row :32 - Order imported successfully.
05-14-2024 @ 07:13:47 - Row :33 - Parsing item.
05-14-2024 @ 07:13:47 - Row :33 - Processing item.
05-14-2024 @ 07:13:47 - Found order object. ID:744
05-14-2024 @ 07:13:47 - Row :33 - Order imported successfully.
05-14-2024 @ 07:13:47 - Row :34 - Parsing item.
05-14-2024 @ 07:13:47 - Row :34 - Processing item.
05-14-2024 @ 07:13:47 - Found order object. ID:745
05-14-2024 @ 07:13:47 - Row :34 - Order imported successfully.
05-14-2024 @ 07:13:47 - Row :35 - Parsing item.
05-14-2024 @ 07:13:47 - Row :35 - Processing item.
05-14-2024 @ 07:13:47 - Found order object. ID:746
05-14-2024 @ 07:13:47 - Row :35 - Order imported successfully.
05-14-2024 @ 07:13:47 - Row :36 - Parsing item.
05-14-2024 @ 07:13:47 - Row :36 - Processing item.
05-14-2024 @ 07:13:47 - Found order object. ID:747
05-14-2024 @ 07:13:48 - Row :36 - Order imported successfully.
05-14-2024 @ 07:13:48 - Row :37 - Parsing item.
05-14-2024 @ 07:13:48 - Row :37 - Processing item.
05-14-2024 @ 07:13:48 - Found order object. ID:748
05-14-2024 @ 07:13:48 - Row :37 - Order imported successfully.
05-14-2024 @ 07:13:48 - Row :38 - Parsing item.
05-14-2024 @ 07:13:48 - Row :38 - Processing item.
05-14-2024 @ 07:13:48 - Found order object. ID:749
05-14-2024 @ 07:13:48 - Row :38 - Order imported successfully.
05-14-2024 @ 07:13:48 - Row :39 - Parsing item.
05-14-2024 @ 07:13:48 - Row :39 - Processing item.
05-14-2024 @ 07:13:48 - Found order object. ID:750
05-14-2024 @ 07:13:48 - Row :39 - Order imported successfully.
05-14-2024 @ 07:13:48 - Row :40 - Parsing item.
05-14-2024 @ 07:13:48 - Row :40 - Processing item.
05-14-2024 @ 07:13:48 - Found order object. ID:751
05-14-2024 @ 07:13:48 - Row :40 - Order imported successfully.
05-14-2024 @ 07:13:49 - Preparing for import.
05-14-2024 @ 07:13:49 - Row :41 - Parsing item.
05-14-2024 @ 07:13:49 - Row :41 - Processing item.
05-14-2024 @ 07:13:49 - Found order object. ID:752
05-14-2024 @ 07:13:49 - Row :41 - Order imported successfully.
05-14-2024 @ 07:13:49 - Row :42 - Parsing item.
05-14-2024 @ 07:13:49 - Row :42 - Processing item.
05-14-2024 @ 07:13:49 - Found order object. ID:753
05-14-2024 @ 07:13:49 - Row :42 - Order imported successfully.
05-14-2024 @ 07:13:49 - Row :43 - Parsing item.
05-14-2024 @ 07:13:49 - Row :43 - Processing item.
05-14-2024 @ 07:13:49 - Found order object. ID:754
05-14-2024 @ 07:13:49 - Row :43 - Order imported successfully.
05-14-2024 @ 07:13:49 - Row :44 - Parsing item.
05-14-2024 @ 07:13:49 - Row :44 - Processing item.
05-14-2024 @ 07:13:49 - Found order object. ID:755
05-14-2024 @ 07:13:49 - Row :44 - Order imported successfully.
05-14-2024 @ 07:13:49 - Row :45 - Parsing item.
05-14-2024 @ 07:13:49 - Row :45 - Processing item.
05-14-2024 @ 07:13:49 - Found order object. ID:756
05-14-2024 @ 07:13:49 - Row :45 - Order imported successfully.
05-14-2024 @ 07:13:49 - Row :46 - Parsing item.
05-14-2024 @ 07:13:49 - Row :46 - Processing item.
05-14-2024 @ 07:13:50 - Found order object. ID:757
05-14-2024 @ 07:13:50 - Row :46 - Order imported successfully.
05-14-2024 @ 07:13:50 - Row :47 - Parsing item.
05-14-2024 @ 07:13:50 - Row :47 - Processing item.
05-14-2024 @ 07:13:50 - Found order object. ID:758
05-14-2024 @ 07:13:50 - Row :47 - Order imported successfully.
05-14-2024 @ 07:13:50 - Row :48 - Parsing item.
05-14-2024 @ 07:13:50 - Row :48 - Processing item.
05-14-2024 @ 07:13:50 - Found order object. ID:759
05-14-2024 @ 07:13:50 - Row :48 - Order imported successfully.
05-14-2024 @ 07:13:50 - Row :49 - Parsing item.
05-14-2024 @ 07:13:50 - Row :49 - Processing item.
05-14-2024 @ 07:13:50 - Found order object. ID:760
05-14-2024 @ 07:13:50 - Row :49 - Order imported successfully.
05-14-2024 @ 07:13:50 - Row :50 - Parsing item.
05-14-2024 @ 07:13:50 - Row :50 - Processing item.
05-14-2024 @ 07:13:50 - Found order object. ID:761
05-14-2024 @ 07:13:50 - Row :50 - Order imported successfully.
05-14-2024 @ 07:13:51 - Preparing for import.
05-14-2024 @ 07:13:51 - Row :51 - Parsing item.
05-14-2024 @ 07:13:51 - Row :51 - Processing item.
05-14-2024 @ 07:13:51 - Found order object. ID:762
05-14-2024 @ 07:13:51 - Row :51 - Order imported successfully.
05-14-2024 @ 07:13:51 - Row :52 - Parsing item.
05-14-2024 @ 07:13:51 - Row :52 - Processing item.
05-14-2024 @ 07:13:51 - Found order object. ID:763
05-14-2024 @ 07:13:51 - Row :52 - Order imported successfully.
05-14-2024 @ 07:13:51 - Row :53 - Parsing item.
05-14-2024 @ 07:13:51 - Row :53 - Processing item.
05-14-2024 @ 07:13:51 - Found order object. ID:764
05-14-2024 @ 07:13:51 - Row :53 - Order imported successfully.
05-14-2024 @ 07:13:51 - Row :54 - Parsing item.
05-14-2024 @ 07:13:51 - Row :54 - Processing item.
05-14-2024 @ 07:13:51 - Found order object. ID:765
05-14-2024 @ 07:13:51 - Row :54 - Order imported successfully.
05-14-2024 @ 07:13:51 - Row :55 - Parsing item.
05-14-2024 @ 07:13:51 - Row :55 - Processing item.
05-14-2024 @ 07:13:51 - Found order object. ID:766
05-14-2024 @ 07:13:52 - Row :55 - Order imported successfully.
05-14-2024 @ 07:13:52 - Row :56 - Parsing item.
05-14-2024 @ 07:13:52 - Row :56 - Processing item.
05-14-2024 @ 07:13:52 - Found order object. ID:767
05-14-2024 @ 07:13:52 - Row :56 - Order imported successfully.
05-14-2024 @ 07:13:52 - Row :57 - Parsing item.
05-14-2024 @ 07:13:52 - Row :57 - Processing item.
05-14-2024 @ 07:13:52 - Found order object. ID:768
05-14-2024 @ 07:13:52 - Row :57 - Order imported successfully.
05-14-2024 @ 07:13:52 - Row :58 - Parsing item.
05-14-2024 @ 07:13:52 - Row :58 - Processing item.
05-14-2024 @ 07:13:52 - Found order object. ID:769
05-14-2024 @ 07:13:52 - Row :58 - Order imported successfully.
05-14-2024 @ 07:13:52 - Row :59 - Parsing item.
05-14-2024 @ 07:13:52 - Row :59 - Processing item.
05-14-2024 @ 07:13:52 - Found order object. ID:770
05-14-2024 @ 07:13:52 - Row :59 - Order imported successfully.
05-14-2024 @ 07:13:52 - Row :60 - Parsing item.
05-14-2024 @ 07:13:52 - Row :60 - Processing item.
05-14-2024 @ 07:13:52 - Found order object. ID:771
05-14-2024 @ 07:13:52 - Row :60 - Order imported successfully.
