05-14-2024 @ 07:16:00 - ---[ New import started at 2024-05-14 07:16:00 ] PHP Memory: 256 MB, WP Memory: 40 MB
05-14-2024 @ 07:16:00 - Preparing for import.
05-14-2024 @ 07:16:00 - Row :1 - Parsing item.
05-14-2024 @ 07:16:00 - Row :1 - Processing item.
05-14-2024 @ 07:16:00 - Found order object. ID:772
05-14-2024 @ 07:16:01 - Row :1 - Order imported successfully.
05-14-2024 @ 07:16:01 - Row :2 - Parsing item.
05-14-2024 @ 07:16:01 - Row :2 - Processing item.
05-14-2024 @ 07:16:01 - Found order object. ID:773
05-14-2024 @ 07:16:01 - Row :2 - Order imported successfully.
05-14-2024 @ 07:16:01 - Row :3 - Parsing item.
05-14-2024 @ 07:16:01 - Row :3 - Processing item.
05-14-2024 @ 07:16:01 - Found order object. ID:774
05-14-2024 @ 07:16:01 - Row :3 - Order imported successfully.
05-14-2024 @ 07:16:01 - Row :4 - Parsing item.
05-14-2024 @ 07:16:01 - Row :4 - Processing item.
05-14-2024 @ 07:16:01 - Found order object. ID:775
05-14-2024 @ 07:16:01 - Row :4 - Order imported successfully.
05-14-2024 @ 07:16:01 - Row :5 - Parsing item.
05-14-2024 @ 07:16:01 - Row :5 - Processing item.
05-14-2024 @ 07:16:01 - Found order object. ID:776
05-14-2024 @ 07:16:01 - Row :5 - Order imported successfully.
05-14-2024 @ 07:16:01 - Row :6 - Parsing item.
05-14-2024 @ 07:16:01 - Row :6 - Processing item.
05-14-2024 @ 07:16:01 - Found order object. ID:777
05-14-2024 @ 07:16:02 - Row :6 - Order imported successfully.
05-14-2024 @ 07:16:02 - Row :7 - Parsing item.
05-14-2024 @ 07:16:02 - Row :7 - Processing item.
05-14-2024 @ 07:16:02 - Found order object. ID:778
05-14-2024 @ 07:16:02 - Row :7 - Order imported successfully.
05-14-2024 @ 07:16:02 - Row :8 - Parsing item.
05-14-2024 @ 07:16:02 - Row :8 - Processing item.
05-14-2024 @ 07:16:02 - Found order object. ID:779
05-14-2024 @ 07:16:02 - Row :8 - Order imported successfully.
05-14-2024 @ 07:16:02 - Row :9 - Parsing item.
05-14-2024 @ 07:16:02 - Row :9 - Processing item.
05-14-2024 @ 07:16:02 - Found order object. ID:780
05-14-2024 @ 07:16:02 - Row :9 - Order imported successfully.
05-14-2024 @ 07:16:02 - Row :10 - Parsing item.
05-14-2024 @ 07:16:02 - Row :10 - Processing item.
05-14-2024 @ 07:16:02 - Found order object. ID:781
05-14-2024 @ 07:16:02 - Row :10 - Order imported successfully.
05-14-2024 @ 07:16:02 - Preparing for import.
05-14-2024 @ 07:16:02 - Row :11 - Parsing item.
05-14-2024 @ 07:16:02 - Row :11 - Processing item.
05-14-2024 @ 07:16:02 - Found order object. ID:782
05-14-2024 @ 07:16:03 - Row :11 - Order imported successfully.
05-14-2024 @ 07:16:03 - Row :12 - Parsing item.
05-14-2024 @ 07:16:03 - Row :12 - Processing item.
05-14-2024 @ 07:16:03 - Found order object. ID:783
05-14-2024 @ 07:16:03 - Row :12 - Order imported successfully.
05-14-2024 @ 07:16:03 - Row :13 - Parsing item.
05-14-2024 @ 07:16:03 - Row :13 - Processing item.
05-14-2024 @ 07:16:03 - Found order object. ID:784
05-14-2024 @ 07:16:03 - Row :13 - Order imported successfully.
05-14-2024 @ 07:16:03 - Row :14 - Parsing item.
05-14-2024 @ 07:16:03 - Row :14 - Processing item.
05-14-2024 @ 07:16:03 - Found order object. ID:785
05-14-2024 @ 07:16:03 - Row :14 - Order imported successfully.
05-14-2024 @ 07:16:03 - Row :15 - Parsing item.
05-14-2024 @ 07:16:03 - Row :15 - Processing item.
05-14-2024 @ 07:16:03 - Found order object. ID:786
05-14-2024 @ 07:16:03 - Row :15 - Order imported successfully.
05-14-2024 @ 07:16:03 - Row :16 - Parsing item.
05-14-2024 @ 07:16:03 - Row :16 - Processing item.
05-14-2024 @ 07:16:03 - Found order object. ID:787
05-14-2024 @ 07:16:04 - Row :16 - Order imported successfully.
05-14-2024 @ 07:16:04 - Row :17 - Parsing item.
05-14-2024 @ 07:16:04 - Row :17 - Processing item.
05-14-2024 @ 07:16:04 - Found order object. ID:788
05-14-2024 @ 07:16:04 - Row :17 - Order imported successfully.
05-14-2024 @ 07:16:04 - Row :18 - Parsing item.
05-14-2024 @ 07:16:04 - Row :18 - Processing item.
05-14-2024 @ 07:16:04 - Found order object. ID:789
05-14-2024 @ 07:16:04 - Row :18 - Order imported successfully.
05-14-2024 @ 07:16:04 - Row :19 - Parsing item.
05-14-2024 @ 07:16:04 - Row :19 - Processing item.
05-14-2024 @ 07:16:04 - Found order object. ID:790
05-14-2024 @ 07:16:04 - Row :19 - Order imported successfully.
05-14-2024 @ 07:16:04 - Row :20 - Parsing item.
05-14-2024 @ 07:16:04 - Row :20 - Processing item.
05-14-2024 @ 07:16:04 - Found order object. ID:791
05-14-2024 @ 07:16:04 - Row :20 - Order imported successfully.
05-14-2024 @ 07:16:04 - Preparing for import.
05-14-2024 @ 07:16:04 - Row :21 - Parsing item.
05-14-2024 @ 07:16:04 - Row :21 - Processing item.
05-14-2024 @ 07:16:05 - Found order object. ID:792
05-14-2024 @ 07:16:05 - Row :21 - Order imported successfully.
05-14-2024 @ 07:16:05 - Row :22 - Parsing item.
05-14-2024 @ 07:16:05 - Row :22 - Processing item.
05-14-2024 @ 07:16:05 - Found order object. ID:793
05-14-2024 @ 07:16:05 - Row :22 - Order imported successfully.
05-14-2024 @ 07:16:05 - Row :23 - Parsing item.
05-14-2024 @ 07:16:05 - Row :23 - Processing item.
05-14-2024 @ 07:16:05 - Found order object. ID:794
05-14-2024 @ 07:16:05 - Row :23 - Order imported successfully.
05-14-2024 @ 07:16:05 - Row :24 - Parsing item.
05-14-2024 @ 07:16:05 - Row :24 - Processing item.
05-14-2024 @ 07:16:05 - Found order object. ID:795
05-14-2024 @ 07:16:05 - Row :24 - Order imported successfully.
05-14-2024 @ 07:16:05 - Row :25 - Parsing item.
05-14-2024 @ 07:16:05 - Row :25 - Processing item.
05-14-2024 @ 07:16:05 - Found order object. ID:796
05-14-2024 @ 07:16:05 - Row :25 - Order imported successfully.
05-14-2024 @ 07:16:05 - Row :26 - Parsing item.
05-14-2024 @ 07:16:05 - Row :26 - Processing item.
05-14-2024 @ 07:16:05 - Found order object. ID:797
05-14-2024 @ 07:16:06 - Row :26 - Order imported successfully.
05-14-2024 @ 07:16:06 - Row :27 - Parsing item.
05-14-2024 @ 07:16:06 - Row :27 - Processing item.
05-14-2024 @ 07:16:06 - Found order object. ID:798
05-14-2024 @ 07:16:06 - Row :27 - Order imported successfully.
05-14-2024 @ 07:16:06 - Row :28 - Parsing item.
05-14-2024 @ 07:16:06 - Row :28 - Processing item.
05-14-2024 @ 07:16:06 - Found order object. ID:799
05-14-2024 @ 07:16:06 - Row :28 - Order imported successfully.
05-14-2024 @ 07:16:06 - Row :29 - Parsing item.
05-14-2024 @ 07:16:06 - Row :29 - Processing item.
05-14-2024 @ 07:16:06 - Found order object. ID:800
05-14-2024 @ 07:16:06 - Row :29 - Order imported successfully.
05-14-2024 @ 07:16:06 - Row :30 - Parsing item.
05-14-2024 @ 07:16:06 - Row :30 - Processing item.
05-14-2024 @ 07:16:06 - Found order object. ID:801
05-14-2024 @ 07:16:06 - Row :30 - Order imported successfully.
05-14-2024 @ 07:16:07 - Preparing for import.
05-14-2024 @ 07:16:07 - Row :31 - Parsing item.
05-14-2024 @ 07:16:07 - Row :31 - Processing item.
05-14-2024 @ 07:16:07 - Found order object. ID:802
05-14-2024 @ 07:16:07 - Row :31 - Order imported successfully.
05-14-2024 @ 07:16:07 - Row :32 - Parsing item.
05-14-2024 @ 07:16:07 - Row :32 - Processing item.
05-14-2024 @ 07:16:07 - Found order object. ID:803
05-14-2024 @ 07:16:07 - Row :32 - Order imported successfully.
05-14-2024 @ 07:16:07 - Row :33 - Parsing item.
05-14-2024 @ 07:16:07 - Row :33 - Processing item.
05-14-2024 @ 07:16:07 - Found order object. ID:804
05-14-2024 @ 07:16:07 - Row :33 - Order imported successfully.
05-14-2024 @ 07:16:07 - Row :34 - Parsing item.
05-14-2024 @ 07:16:07 - Row :34 - Processing item.
05-14-2024 @ 07:16:07 - Found order object. ID:805
05-14-2024 @ 07:16:07 - Row :34 - Order imported successfully.
05-14-2024 @ 07:16:07 - Row :35 - Parsing item.
05-14-2024 @ 07:16:07 - Row :35 - Processing item.
05-14-2024 @ 07:16:07 - Found order object. ID:806
05-14-2024 @ 07:16:07 - Row :35 - Order imported successfully.
05-14-2024 @ 07:16:07 - Row :36 - Parsing item.
05-14-2024 @ 07:16:07 - Row :36 - Processing item.
05-14-2024 @ 07:16:08 - Found order object. ID:807
05-14-2024 @ 07:16:08 - Row :36 - Order imported successfully.
05-14-2024 @ 07:16:08 - Row :37 - Parsing item.
05-14-2024 @ 07:16:08 - Row :37 - Processing item.
05-14-2024 @ 07:16:08 - Found order object. ID:808
05-14-2024 @ 07:16:08 - Row :37 - Order imported successfully.
05-14-2024 @ 07:16:08 - Row :38 - Parsing item.
05-14-2024 @ 07:16:08 - Row :38 - Processing item.
05-14-2024 @ 07:16:08 - Found order object. ID:809
05-14-2024 @ 07:16:08 - Row :38 - Order imported successfully.
05-14-2024 @ 07:16:08 - Row :39 - Parsing item.
05-14-2024 @ 07:16:08 - Row :39 - Processing item.
05-14-2024 @ 07:16:08 - Found order object. ID:810
05-14-2024 @ 07:16:08 - Row :39 - Order imported successfully.
05-14-2024 @ 07:16:08 - Row :40 - Parsing item.
05-14-2024 @ 07:16:08 - Row :40 - Processing item.
05-14-2024 @ 07:16:08 - Found order object. ID:811
05-14-2024 @ 07:16:08 - Row :40 - Order imported successfully.
