05-14-2024 @ 08:14:35 - ---[ New import started at 2024-05-14 08:14:35 ] PHP Memory: 256 MB, WP Memory: 40 MB
05-14-2024 @ 08:14:35 - Preparing for import.
05-14-2024 @ 08:14:35 - Row :1 - Parsing item.
05-14-2024 @ 08:14:35 - Importing as new order ID:818
05-14-2024 @ 08:14:35 - Row :1 - Processing item.
05-14-2024 @ 08:14:35 - Found order object. ID:818
05-14-2024 @ 08:14:35 - Row :1 - Order imported successfully.
05-14-2024 @ 08:14:35 - Row :2 - Parsing item.
05-14-2024 @ 08:14:35 - Importing as new order ID:819
05-14-2024 @ 08:14:35 - Row :2 - Processing item.
05-14-2024 @ 08:14:36 - Found order object. ID:819
05-14-2024 @ 08:14:36 - Row :2 - Order imported successfully.
05-14-2024 @ 08:14:36 - Row :3 - Parsing item.
05-14-2024 @ 08:14:36 - Importing as new order ID:820
05-14-2024 @ 08:14:36 - Row :3 - Processing item.
05-14-2024 @ 08:14:36 - Found order object. ID:820
05-14-2024 @ 08:14:38 - Row :3 - Order imported successfully.
05-14-2024 @ 08:14:38 - Row :4 - Parsing item.
05-14-2024 @ 08:14:38 - Importing as new order ID:821
05-14-2024 @ 08:14:38 - Row :4 - Processing item.
05-14-2024 @ 08:14:38 - Found order object. ID:821
05-14-2024 @ 08:14:38 - Row :4 - Order imported successfully.
05-14-2024 @ 08:14:38 - ---[ Import ended at 2024-05-14 08:14:38]---
