05-14-2024 @ 08:15:18 - ---[ New import started at 2024-05-14 08:15:18 ] PHP Memory: 256 MB, WP Memory: 40 MB
05-14-2024 @ 08:15:18 - Preparing for import.
05-14-2024 @ 08:15:18 - Row :1 - Parsing item.
05-14-2024 @ 08:15:18 - Importing as new order ID:822
05-14-2024 @ 08:15:18 - Row :1 - Processing item.
05-14-2024 @ 08:15:18 - Found order object. ID:822
05-14-2024 @ 08:15:18 - Row :1 - Order imported successfully.
05-14-2024 @ 08:15:18 - Row :2 - Parsing item.
05-14-2024 @ 08:15:18 - Importing as new order ID:823
05-14-2024 @ 08:15:18 - Row :2 - Processing item.
05-14-2024 @ 08:15:19 - Found order object. ID:823
05-14-2024 @ 08:15:19 - Row :2 - Order imported successfully.
05-14-2024 @ 08:15:19 - Row :3 - Parsing item.
05-14-2024 @ 08:15:19 - Importing as new order ID:824
05-14-2024 @ 08:15:19 - Row :3 - Processing item.
05-14-2024 @ 08:15:19 - Found order object. ID:824
05-14-2024 @ 08:15:20 - Row :3 - Order imported successfully.
05-14-2024 @ 08:15:20 - Row :4 - Parsing item.
05-14-2024 @ 08:15:20 - Importing as new order ID:825
05-14-2024 @ 08:15:20 - Row :4 - Processing item.
05-14-2024 @ 08:15:20 - Found order object. ID:825
05-14-2024 @ 08:15:21 - Row :4 - Order imported successfully.
05-14-2024 @ 08:15:21 - ---[ Import ended at 2024-05-14 08:15:21]---
