05-13-2024 @ 12:58:59 - ---[ New import started at 2024-05-13 12:58:59 ] PHP Memory: 256 MB, WP Memory: 40 MB
05-13-2024 @ 12:58:59 - Preparing for import.
05-13-2024 @ 12:58:59 - Row :1 - Parsing item.
05-13-2024 @ 12:58:59 - Importing as new order ID:436
05-13-2024 @ 12:58:59 - Row :1 - Processing item.
05-13-2024 @ 12:58:59 - Found order object. ID:436
05-13-2024 @ 12:59:00 - Row :1 - Order imported successfully.
05-13-2024 @ 12:59:00 - Row :2 - Parsing item.
05-13-2024 @ 12:59:00 - Importing as new order ID:437
05-13-2024 @ 12:59:00 - Row :2 - Processing item.
05-13-2024 @ 12:59:00 - Found order object. ID:437
05-13-2024 @ 12:59:00 - Row :2 - Order imported successfully.
05-13-2024 @ 12:59:00 - Row :3 - Parsing item.
05-13-2024 @ 12:59:00 - Importing as new order ID:438
05-13-2024 @ 12:59:00 - Row :3 - Processing item.
05-13-2024 @ 12:59:00 - Found order object. ID:438
05-13-2024 @ 12:59:02 - Row :3 - Order imported successfully.
05-13-2024 @ 12:59:02 - Row :4 - Parsing item.
05-13-2024 @ 12:59:02 - Importing as new order ID:439
05-13-2024 @ 12:59:02 - Row :4 - Processing item.
05-13-2024 @ 12:59:02 - Found order object. ID:439
05-13-2024 @ 12:59:02 - Row :4 - Order imported successfully.
05-13-2024 @ 12:59:02 - ---[ Import ended at 2024-05-13 12:59:02]---
