05-13-2024 @ 12:59:32 - ---[ New import started at 2024-05-13 12:59:32 ] PHP Memory: 256 MB, WP Memory: 40 MB
05-13-2024 @ 12:59:32 - Preparing for import.
05-13-2024 @ 12:59:32 - Row :1 - Parsing item.
05-13-2024 @ 12:59:32 - Importing as new order ID:440
05-13-2024 @ 12:59:32 - Row :1 - Processing item.
05-13-2024 @ 12:59:33 - Found order object. ID:440
05-13-2024 @ 12:59:33 - Row :1 - Order imported successfully.
05-13-2024 @ 12:59:33 - Row :2 - Parsing item.
05-13-2024 @ 12:59:33 - Importing as new order ID:441
05-13-2024 @ 12:59:33 - Row :2 - Processing item.
05-13-2024 @ 12:59:33 - Found order object. ID:441
05-13-2024 @ 12:59:34 - Row :2 - Order imported successfully.
05-13-2024 @ 12:59:34 - Row :3 - Parsing item.
05-13-2024 @ 12:59:34 - Importing as new order ID:442
05-13-2024 @ 12:59:34 - Row :3 - Processing item.
05-13-2024 @ 12:59:34 - Found order object. ID:442
05-13-2024 @ 12:59:35 - Row :3 - Order imported successfully.
05-13-2024 @ 12:59:35 - Row :4 - Parsing item.
05-13-2024 @ 12:59:35 - Importing as new order ID:443
05-13-2024 @ 12:59:35 - Row :4 - Processing item.
05-13-2024 @ 12:59:36 - Found order object. ID:443
05-13-2024 @ 12:59:36 - Row :4 - Order imported successfully.
05-13-2024 @ 12:59:36 - ---[ Import ended at 2024-05-13 12:59:36]---
