05-14-2024 @ 07:03:14 - ---[ New import started at 2024-05-14 07:03:14 ] PHP Memory: 256 MB, WP Memory: 40 MB
05-14-2024 @ 07:03:14 - Preparing for import.
05-14-2024 @ 07:03:14 - Row :1 - Parsing item.
05-14-2024 @ 07:03:14 - Row :1 - Processing item.
05-14-2024 @ 07:03:14 - Found order object. ID:444
05-14-2024 @ 07:03:14 - Row :1 - Order imported successfully.
05-14-2024 @ 07:03:14 - Row :2 - Parsing item.
05-14-2024 @ 07:03:14 - Row :2 - Processing item.
05-14-2024 @ 07:03:14 - Found order object. ID:445
05-14-2024 @ 07:03:14 - Row :2 - Order imported successfully.
05-14-2024 @ 07:03:14 - Row :3 - Parsing item.
05-14-2024 @ 07:03:14 - Row :3 - Processing item.
05-14-2024 @ 07:03:14 - Found order object. ID:446
05-14-2024 @ 07:03:14 - Row :3 - Order imported successfully.
05-14-2024 @ 07:03:14 - Row :4 - Parsing item.
05-14-2024 @ 07:03:14 - Row :4 - Processing item.
05-14-2024 @ 07:03:14 - Found order object. ID:447
05-14-2024 @ 07:03:15 - Row :4 - Order imported successfully.
05-14-2024 @ 07:03:15 - Row :5 - Parsing item.
05-14-2024 @ 07:03:15 - Row :5 - Processing item.
05-14-2024 @ 07:03:15 - Found order object. ID:448
05-14-2024 @ 07:03:15 - Row :5 - Order imported successfully.
05-14-2024 @ 07:03:15 - Row :6 - Parsing item.
05-14-2024 @ 07:03:15 - Row :6 - Processing item.
05-14-2024 @ 07:03:15 - Found order object. ID:449
05-14-2024 @ 07:03:15 - Row :6 - Order imported successfully.
05-14-2024 @ 07:03:15 - Row :7 - Parsing item.
05-14-2024 @ 07:03:15 - Row :7 - Processing item.
05-14-2024 @ 07:03:15 - Found order object. ID:450
05-14-2024 @ 07:03:15 - Row :7 - Order imported successfully.
05-14-2024 @ 07:03:15 - Row :8 - Parsing item.
05-14-2024 @ 07:03:15 - Row :8 - Processing item.
05-14-2024 @ 07:03:15 - Found order object. ID:451
05-14-2024 @ 07:03:15 - Row :8 - Order imported successfully.
05-14-2024 @ 07:03:15 - Row :9 - Parsing item.
05-14-2024 @ 07:03:15 - Row :9 - Processing item.
05-14-2024 @ 07:03:15 - Found order object. ID:452
05-14-2024 @ 07:03:16 - Row :9 - Order imported successfully.
05-14-2024 @ 07:03:16 - Row :10 - Parsing item.
05-14-2024 @ 07:03:16 - Row :10 - Processing item.
05-14-2024 @ 07:03:16 - Found order object. ID:453
05-14-2024 @ 07:03:16 - Row :10 - Order imported successfully.
05-14-2024 @ 07:03:16 - Preparing for import.
05-14-2024 @ 07:03:16 - Row :11 - Parsing item.
05-14-2024 @ 07:03:16 - Row :11 - Processing item.
05-14-2024 @ 07:03:17 - Found order object. ID:454
05-14-2024 @ 07:03:17 - Row :11 - Order imported successfully.
05-14-2024 @ 07:03:17 - Row :12 - Parsing item.
05-14-2024 @ 07:03:17 - Row :12 - Processing item.
05-14-2024 @ 07:03:17 - Found order object. ID:455
05-14-2024 @ 07:03:17 - Row :12 - Order imported successfully.
05-14-2024 @ 07:03:17 - Row :13 - Parsing item.
05-14-2024 @ 07:03:17 - Row :13 - Processing item.
05-14-2024 @ 07:03:17 - Found order object. ID:456
05-14-2024 @ 07:03:17 - Row :13 - Order imported successfully.
05-14-2024 @ 07:03:17 - Row :14 - Parsing item.
05-14-2024 @ 07:03:17 - Row :14 - Processing item.
05-14-2024 @ 07:03:17 - Found order object. ID:457
05-14-2024 @ 07:03:18 - Row :14 - Order imported successfully.
05-14-2024 @ 07:03:18 - Row :15 - Parsing item.
05-14-2024 @ 07:03:18 - Row :15 - Processing item.
05-14-2024 @ 07:03:18 - Found order object. ID:458
05-14-2024 @ 07:03:18 - Row :15 - Order imported successfully.
05-14-2024 @ 07:03:18 - Row :16 - Parsing item.
05-14-2024 @ 07:03:18 - Row :16 - Processing item.
05-14-2024 @ 07:03:18 - Found order object. ID:459
05-14-2024 @ 07:03:18 - Row :16 - Order imported successfully.
05-14-2024 @ 07:03:18 - Row :17 - Parsing item.
05-14-2024 @ 07:03:18 - Row :17 - Processing item.
05-14-2024 @ 07:03:18 - Found order object. ID:460
05-14-2024 @ 07:03:18 - Row :17 - Order imported successfully.
05-14-2024 @ 07:03:18 - Row :18 - Parsing item.
05-14-2024 @ 07:03:18 - Row :18 - Processing item.
05-14-2024 @ 07:03:18 - Found order object. ID:461
05-14-2024 @ 07:03:18 - Row :18 - Order imported successfully.
05-14-2024 @ 07:03:18 - Row :19 - Parsing item.
05-14-2024 @ 07:03:18 - Row :19 - Processing item.
05-14-2024 @ 07:03:18 - Found order object. ID:462
05-14-2024 @ 07:03:19 - Row :19 - Order imported successfully.
05-14-2024 @ 07:03:19 - Row :20 - Parsing item.
05-14-2024 @ 07:03:19 - Row :20 - Processing item.
05-14-2024 @ 07:03:19 - Found order object. ID:463
05-14-2024 @ 07:03:19 - Row :20 - Order imported successfully.
05-14-2024 @ 07:03:19 - Preparing for import.
05-14-2024 @ 07:03:19 - Row :21 - Parsing item.
05-14-2024 @ 07:03:19 - Row :21 - Processing item.
05-14-2024 @ 07:03:20 - Found order object. ID:464
05-14-2024 @ 07:03:20 - Row :21 - Order imported successfully.
05-14-2024 @ 07:03:20 - Row :22 - Parsing item.
05-14-2024 @ 07:03:20 - Row :22 - Processing item.
05-14-2024 @ 07:03:20 - Found order object. ID:465
05-14-2024 @ 07:03:20 - Row :22 - Order imported successfully.
05-14-2024 @ 07:03:20 - Row :23 - Parsing item.
05-14-2024 @ 07:03:20 - Row :23 - Processing item.
05-14-2024 @ 07:03:20 - Found order object. ID:466
05-14-2024 @ 07:03:20 - Row :23 - Order imported successfully.
05-14-2024 @ 07:03:20 - Row :24 - Parsing item.
05-14-2024 @ 07:03:20 - Row :24 - Processing item.
05-14-2024 @ 07:03:20 - Found order object. ID:467
05-14-2024 @ 07:03:20 - Row :24 - Order imported successfully.
05-14-2024 @ 07:03:20 - Row :25 - Parsing item.
05-14-2024 @ 07:03:20 - Row :25 - Processing item.
05-14-2024 @ 07:03:21 - Found order object. ID:468
05-14-2024 @ 07:03:21 - Row :25 - Order imported successfully.
05-14-2024 @ 07:03:21 - Row :26 - Parsing item.
05-14-2024 @ 07:03:21 - Row :26 - Processing item.
05-14-2024 @ 07:03:21 - Found order object. ID:469
05-14-2024 @ 07:03:21 - Row :26 - Order imported successfully.
05-14-2024 @ 07:03:21 - Row :27 - Parsing item.
05-14-2024 @ 07:03:21 - Row :27 - Processing item.
05-14-2024 @ 07:03:21 - Found order object. ID:470
05-14-2024 @ 07:03:21 - Row :27 - Order imported successfully.
05-14-2024 @ 07:03:21 - Row :28 - Parsing item.
05-14-2024 @ 07:03:21 - Row :28 - Processing item.
05-14-2024 @ 07:03:21 - Found order object. ID:471
05-14-2024 @ 07:03:21 - Row :28 - Order imported successfully.
05-14-2024 @ 07:03:21 - Row :29 - Parsing item.
05-14-2024 @ 07:03:21 - Row :29 - Processing item.
05-14-2024 @ 07:03:21 - Found order object. ID:472
05-14-2024 @ 07:03:21 - Row :29 - Order imported successfully.
05-14-2024 @ 07:03:21 - Row :30 - Parsing item.
05-14-2024 @ 07:03:21 - Row :30 - Processing item.
05-14-2024 @ 07:03:21 - Found order object. ID:473
05-14-2024 @ 07:03:22 - Row :30 - Order imported successfully.
05-14-2024 @ 07:03:22 - Preparing for import.
05-14-2024 @ 07:03:22 - Row :31 - Parsing item.
05-14-2024 @ 07:03:22 - Row :31 - Processing item.
05-14-2024 @ 07:03:23 - Found order object. ID:474
05-14-2024 @ 07:03:23 - Row :31 - Order imported successfully.
05-14-2024 @ 07:03:23 - Row :32 - Parsing item.
05-14-2024 @ 07:03:23 - Row :32 - Processing item.
05-14-2024 @ 07:03:23 - Found order object. ID:475
05-14-2024 @ 07:03:23 - Row :32 - Order imported successfully.
05-14-2024 @ 07:03:23 - Row :33 - Parsing item.
05-14-2024 @ 07:03:23 - Row :33 - Processing item.
05-14-2024 @ 07:03:23 - Found order object. ID:476
05-14-2024 @ 07:03:23 - Row :33 - Order imported successfully.
05-14-2024 @ 07:03:23 - Row :34 - Parsing item.
05-14-2024 @ 07:03:23 - Row :34 - Processing item.
05-14-2024 @ 07:03:23 - Found order object. ID:477
05-14-2024 @ 07:03:23 - Row :34 - Order imported successfully.
05-14-2024 @ 07:03:23 - Row :35 - Parsing item.
05-14-2024 @ 07:03:23 - Row :35 - Processing item.
05-14-2024 @ 07:03:23 - Found order object. ID:478
05-14-2024 @ 07:03:24 - Row :35 - Order imported successfully.
05-14-2024 @ 07:03:24 - Row :36 - Parsing item.
05-14-2024 @ 07:03:24 - Row :36 - Processing item.
05-14-2024 @ 07:03:24 - Found order object. ID:479
05-14-2024 @ 07:03:24 - Row :36 - Order imported successfully.
05-14-2024 @ 07:03:24 - Row :37 - Parsing item.
05-14-2024 @ 07:03:24 - Row :37 - Processing item.
05-14-2024 @ 07:03:24 - Found order object. ID:480
05-14-2024 @ 07:03:24 - Row :37 - Order imported successfully.
05-14-2024 @ 07:03:24 - Row :38 - Parsing item.
05-14-2024 @ 07:03:24 - Row :38 - Processing item.
05-14-2024 @ 07:03:24 - Found order object. ID:481
05-14-2024 @ 07:03:24 - Row :38 - Order imported successfully.
05-14-2024 @ 07:03:24 - Row :39 - Parsing item.
05-14-2024 @ 07:03:24 - Row :39 - Processing item.
05-14-2024 @ 07:03:24 - Found order object. ID:482
05-14-2024 @ 07:03:24 - Row :39 - Order imported successfully.
05-14-2024 @ 07:03:24 - Row :40 - Parsing item.
05-14-2024 @ 07:03:24 - Row :40 - Processing item.
05-14-2024 @ 07:03:24 - Found order object. ID:483
05-14-2024 @ 07:03:24 - Row :40 - Order imported successfully.
05-14-2024 @ 07:03:25 - Preparing for import.
05-14-2024 @ 07:03:25 - Row :41 - Parsing item.
05-14-2024 @ 07:03:25 - Row :41 - Processing item.
05-14-2024 @ 07:03:25 - Found order object. ID:484
05-14-2024 @ 07:03:26 - Row :41 - Order imported successfully.
05-14-2024 @ 07:03:26 - Row :42 - Parsing item.
05-14-2024 @ 07:03:26 - Row :42 - Processing item.
05-14-2024 @ 07:03:26 - Found order object. ID:485
05-14-2024 @ 07:03:26 - Row :42 - Order imported successfully.
05-14-2024 @ 07:03:26 - Row :43 - Parsing item.
05-14-2024 @ 07:03:26 - Row :43 - Processing item.
05-14-2024 @ 07:03:26 - Found order object. ID:486
05-14-2024 @ 07:03:26 - Row :43 - Order imported successfully.
05-14-2024 @ 07:03:26 - Row :44 - Parsing item.
05-14-2024 @ 07:03:26 - Row :44 - Processing item.
05-14-2024 @ 07:03:26 - Found order object. ID:487
05-14-2024 @ 07:03:26 - Row :44 - Order imported successfully.
05-14-2024 @ 07:03:26 - Row :45 - Parsing item.
05-14-2024 @ 07:03:26 - Row :45 - Processing item.
05-14-2024 @ 07:03:26 - Found order object. ID:488
05-14-2024 @ 07:03:26 - Row :45 - Order imported successfully.
05-14-2024 @ 07:03:26 - Row :46 - Parsing item.
05-14-2024 @ 07:03:26 - Row :46 - Processing item.
05-14-2024 @ 07:03:26 - Found order object. ID:489
05-14-2024 @ 07:03:27 - Row :46 - Order imported successfully.
05-14-2024 @ 07:03:27 - Row :47 - Parsing item.
05-14-2024 @ 07:03:27 - Row :47 - Processing item.
05-14-2024 @ 07:03:27 - Found order object. ID:490
05-14-2024 @ 07:03:27 - Row :47 - Order imported successfully.
05-14-2024 @ 07:03:27 - Row :48 - Parsing item.
05-14-2024 @ 07:03:27 - Row :48 - Processing item.
05-14-2024 @ 07:03:27 - Found order object. ID:491
05-14-2024 @ 07:03:27 - Row :48 - Order imported successfully.
05-14-2024 @ 07:03:27 - Row :49 - Parsing item.
05-14-2024 @ 07:03:27 - Row :49 - Processing item.
05-14-2024 @ 07:03:27 - Found order object. ID:492
05-14-2024 @ 07:03:27 - Row :49 - Order imported successfully.
05-14-2024 @ 07:03:27 - Row :50 - Parsing item.
05-14-2024 @ 07:03:27 - Row :50 - Processing item.
05-14-2024 @ 07:03:27 - Found order object. ID:493
05-14-2024 @ 07:03:27 - Row :50 - Order imported successfully.
05-14-2024 @ 07:03:27 - Preparing for import.
05-14-2024 @ 07:03:27 - Row :51 - Parsing item.
05-14-2024 @ 07:03:27 - Row :51 - Processing item.
05-14-2024 @ 07:03:28 - Found order object. ID:494
05-14-2024 @ 07:03:28 - Row :51 - Order imported successfully.
05-14-2024 @ 07:03:28 - Row :52 - Parsing item.
05-14-2024 @ 07:03:28 - Row :52 - Processing item.
05-14-2024 @ 07:03:28 - Found order object. ID:495
05-14-2024 @ 07:03:28 - Row :52 - Order imported successfully.
05-14-2024 @ 07:03:28 - Row :53 - Parsing item.
05-14-2024 @ 07:03:28 - Row :53 - Processing item.
05-14-2024 @ 07:03:28 - Found order object. ID:496
05-14-2024 @ 07:03:28 - Row :53 - Order imported successfully.
05-14-2024 @ 07:03:28 - Row :54 - Parsing item.
05-14-2024 @ 07:03:28 - Row :54 - Processing item.
05-14-2024 @ 07:03:28 - Found order object. ID:497
05-14-2024 @ 07:03:28 - Row :54 - Order imported successfully.
05-14-2024 @ 07:03:28 - Row :55 - Parsing item.
05-14-2024 @ 07:03:28 - Row :55 - Processing item.
05-14-2024 @ 07:03:28 - Found order object. ID:498
05-14-2024 @ 07:03:28 - Row :55 - Order imported successfully.
05-14-2024 @ 07:03:28 - Row :56 - Parsing item.
05-14-2024 @ 07:03:28 - Row :56 - Processing item.
05-14-2024 @ 07:03:29 - Found order object. ID:499
05-14-2024 @ 07:03:29 - Row :56 - Order imported successfully.
05-14-2024 @ 07:03:29 - Row :57 - Parsing item.
05-14-2024 @ 07:03:29 - Row :57 - Processing item.
05-14-2024 @ 07:03:29 - Found order object. ID:500
05-14-2024 @ 07:03:29 - Row :57 - Order imported successfully.
05-14-2024 @ 07:03:29 - Row :58 - Parsing item.
05-14-2024 @ 07:03:29 - Row :58 - Processing item.
05-14-2024 @ 07:03:29 - Found order object. ID:501
05-14-2024 @ 07:03:29 - Row :58 - Order imported successfully.
05-14-2024 @ 07:03:29 - Row :59 - Parsing item.
05-14-2024 @ 07:03:29 - Row :59 - Processing item.
05-14-2024 @ 07:03:29 - Found order object. ID:502
05-14-2024 @ 07:03:29 - Row :59 - Order imported successfully.
05-14-2024 @ 07:03:29 - Row :60 - Parsing item.
05-14-2024 @ 07:03:29 - Row :60 - Processing item.
05-14-2024 @ 07:03:29 - Found order object. ID:503
05-14-2024 @ 07:03:29 - Row :60 - Order imported successfully.
05-14-2024 @ 07:03:30 - Preparing for import.
05-14-2024 @ 07:03:30 - Row :61 - Parsing item.
05-14-2024 @ 07:03:30 - Row :61 - Processing item.
05-14-2024 @ 07:03:30 - Found order object. ID:504
05-14-2024 @ 07:03:30 - Row :61 - Order imported successfully.
05-14-2024 @ 07:03:30 - Row :62 - Parsing item.
05-14-2024 @ 07:03:30 - Row :62 - Processing item.
05-14-2024 @ 07:03:31 - Found order object. ID:505
05-14-2024 @ 07:03:31 - Row :62 - Order imported successfully.
05-14-2024 @ 07:03:31 - Row :63 - Parsing item.
05-14-2024 @ 07:03:31 - Row :63 - Processing item.
05-14-2024 @ 07:03:31 - Found order object. ID:506
05-14-2024 @ 07:03:31 - Row :63 - Order imported successfully.
05-14-2024 @ 07:03:31 - Row :64 - Parsing item.
05-14-2024 @ 07:03:31 - Row :64 - Processing item.
05-14-2024 @ 07:03:31 - Found order object. ID:507
05-14-2024 @ 07:03:31 - Row :64 - Order imported successfully.
05-14-2024 @ 07:03:31 - Row :65 - Parsing item.
05-14-2024 @ 07:03:31 - Row :65 - Processing item.
05-14-2024 @ 07:03:31 - Found order object. ID:508
05-14-2024 @ 07:03:31 - Row :65 - Order imported successfully.
05-14-2024 @ 07:03:31 - Row :66 - Parsing item.
05-14-2024 @ 07:03:31 - Row :66 - Processing item.
05-14-2024 @ 07:03:31 - Found order object. ID:509
05-14-2024 @ 07:03:31 - Row :66 - Order imported successfully.
05-14-2024 @ 07:03:31 - Row :67 - Parsing item.
05-14-2024 @ 07:03:31 - Row :67 - Processing item.
05-14-2024 @ 07:03:32 - Found order object. ID:510
05-14-2024 @ 07:03:32 - Row :67 - Order imported successfully.
05-14-2024 @ 07:03:32 - Row :68 - Parsing item.
05-14-2024 @ 07:03:32 - Row :68 - Processing item.
05-14-2024 @ 07:03:32 - Found order object. ID:511
05-14-2024 @ 07:03:32 - Row :68 - Order imported successfully.
05-14-2024 @ 07:03:32 - Row :69 - Parsing item.
05-14-2024 @ 07:03:32 - Row :69 - Processing item.
05-14-2024 @ 07:03:32 - Found order object. ID:512
05-14-2024 @ 07:03:32 - Row :69 - Order imported successfully.
05-14-2024 @ 07:03:32 - Row :70 - Parsing item.
05-14-2024 @ 07:03:32 - Row :70 - Processing item.
05-14-2024 @ 07:03:32 - Found order object. ID:513
05-14-2024 @ 07:03:32 - Row :70 - Order imported successfully.
05-14-2024 @ 07:03:32 - Preparing for import.
05-14-2024 @ 07:03:32 - Row :71 - Parsing item.
05-14-2024 @ 07:03:32 - Row :71 - Processing item.
05-14-2024 @ 07:03:33 - Found order object. ID:514
05-14-2024 @ 07:03:33 - Row :71 - Order imported successfully.
05-14-2024 @ 07:03:33 - Row :72 - Parsing item.
05-14-2024 @ 07:03:33 - Row :72 - Processing item.
05-14-2024 @ 07:03:33 - Found order object. ID:515
05-14-2024 @ 07:03:33 - Row :72 - Order imported successfully.
05-14-2024 @ 07:03:33 - Row :73 - Parsing item.
05-14-2024 @ 07:03:33 - Row :73 - Processing item.
05-14-2024 @ 07:03:33 - Found order object. ID:516
05-14-2024 @ 07:03:33 - Row :73 - Order imported successfully.
05-14-2024 @ 07:03:33 - Row :74 - Parsing item.
05-14-2024 @ 07:03:33 - Row :74 - Processing item.
05-14-2024 @ 07:03:33 - Found order object. ID:517
05-14-2024 @ 07:03:33 - Row :74 - Order imported successfully.
05-14-2024 @ 07:03:33 - Row :75 - Parsing item.
05-14-2024 @ 07:03:33 - Row :75 - Processing item.
05-14-2024 @ 07:03:33 - Found order object. ID:518
05-14-2024 @ 07:03:33 - Row :75 - Order imported successfully.
05-14-2024 @ 07:03:33 - Row :76 - Parsing item.
05-14-2024 @ 07:03:33 - Row :76 - Processing item.
05-14-2024 @ 07:03:33 - Found order object. ID:519
05-14-2024 @ 07:03:34 - Row :76 - Order imported successfully.
05-14-2024 @ 07:03:34 - Row :77 - Parsing item.
05-14-2024 @ 07:03:34 - Row :77 - Processing item.
05-14-2024 @ 07:03:34 - Found order object. ID:520
05-14-2024 @ 07:03:34 - Row :77 - Order imported successfully.
05-14-2024 @ 07:03:34 - Row :78 - Parsing item.
05-14-2024 @ 07:03:34 - Row :78 - Processing item.
05-14-2024 @ 07:03:34 - Found order object. ID:521
05-14-2024 @ 07:03:34 - Row :78 - Order imported successfully.
05-14-2024 @ 07:03:34 - Row :79 - Parsing item.
05-14-2024 @ 07:03:34 - Row :79 - Processing item.
05-14-2024 @ 07:03:34 - Found order object. ID:522
05-14-2024 @ 07:03:34 - Row :79 - Order imported successfully.
05-14-2024 @ 07:03:34 - Row :80 - Parsing item.
05-14-2024 @ 07:03:34 - Row :80 - Processing item.
05-14-2024 @ 07:03:34 - Found order object. ID:523
05-14-2024 @ 07:03:34 - Row :80 - Order imported successfully.
05-14-2024 @ 07:03:35 - Preparing for import.
05-14-2024 @ 07:03:35 - Row :81 - Parsing item.
05-14-2024 @ 07:03:35 - Row :81 - Processing item.
05-14-2024 @ 07:03:35 - Found order object. ID:524
05-14-2024 @ 07:03:36 - Row :81 - Order imported successfully.
05-14-2024 @ 07:03:36 - Row :82 - Parsing item.
05-14-2024 @ 07:03:36 - Row :82 - Processing item.
05-14-2024 @ 07:03:36 - Found order object. ID:525
05-14-2024 @ 07:03:36 - Row :82 - Order imported successfully.
05-14-2024 @ 07:03:36 - Row :83 - Parsing item.
05-14-2024 @ 07:03:36 - Row :83 - Processing item.
05-14-2024 @ 07:03:36 - Found order object. ID:526
05-14-2024 @ 07:03:36 - Row :83 - Order imported successfully.
05-14-2024 @ 07:03:36 - Row :84 - Parsing item.
05-14-2024 @ 07:03:36 - Row :84 - Processing item.
05-14-2024 @ 07:03:36 - Found order object. ID:527
05-14-2024 @ 07:03:36 - Row :84 - Order imported successfully.
05-14-2024 @ 07:03:36 - Row :85 - Parsing item.
05-14-2024 @ 07:03:36 - Row :85 - Processing item.
05-14-2024 @ 07:03:36 - Found order object. ID:528
05-14-2024 @ 07:03:36 - Row :85 - Order imported successfully.
05-14-2024 @ 07:03:36 - Row :86 - Parsing item.
05-14-2024 @ 07:03:36 - Row :86 - Processing item.
05-14-2024 @ 07:03:36 - Found order object. ID:529
05-14-2024 @ 07:03:36 - Row :86 - Order imported successfully.
05-14-2024 @ 07:03:36 - Row :87 - Parsing item.
05-14-2024 @ 07:03:37 - Row :87 - Processing item.
05-14-2024 @ 07:03:37 - Found order object. ID:530
05-14-2024 @ 07:03:37 - Row :87 - Order imported successfully.
05-14-2024 @ 07:03:37 - Row :88 - Parsing item.
05-14-2024 @ 07:03:37 - Row :88 - Processing item.
05-14-2024 @ 07:03:37 - Found order object. ID:531
05-14-2024 @ 07:03:37 - Row :88 - Order imported successfully.
05-14-2024 @ 07:03:37 - Row :89 - Parsing item.
05-14-2024 @ 07:03:37 - Row :89 - Processing item.
05-14-2024 @ 07:03:37 - Found order object. ID:532
05-14-2024 @ 07:03:37 - Row :89 - Order imported successfully.
05-14-2024 @ 07:03:37 - Row :90 - Parsing item.
05-14-2024 @ 07:03:37 - Row :90 - Processing item.
05-14-2024 @ 07:03:37 - Found order object. ID:533
05-14-2024 @ 07:03:37 - Row :90 - Order imported successfully.
05-14-2024 @ 07:03:37 - Preparing for import.
05-14-2024 @ 07:03:37 - Row :91 - Parsing item.
05-14-2024 @ 07:03:37 - Row :91 - Processing item.
05-14-2024 @ 07:03:38 - Found order object. ID:534
05-14-2024 @ 07:03:38 - Row :91 - Order imported successfully.
05-14-2024 @ 07:03:38 - Row :92 - Parsing item.
05-14-2024 @ 07:03:38 - Row :92 - Processing item.
05-14-2024 @ 07:03:38 - Found order object. ID:535
05-14-2024 @ 07:03:38 - Row :92 - Order imported successfully.
05-14-2024 @ 07:03:38 - Row :93 - Parsing item.
05-14-2024 @ 07:03:38 - Row :93 - Processing item.
05-14-2024 @ 07:03:38 - Found order object. ID:536
05-14-2024 @ 07:03:38 - Row :93 - Order imported successfully.
05-14-2024 @ 07:03:38 - Row :94 - Parsing item.
05-14-2024 @ 07:03:38 - Row :94 - Processing item.
05-14-2024 @ 07:03:38 - Found order object. ID:537
05-14-2024 @ 07:03:38 - Row :94 - Order imported successfully.
05-14-2024 @ 07:03:38 - Row :95 - Parsing item.
05-14-2024 @ 07:03:38 - Row :95 - Processing item.
05-14-2024 @ 07:03:38 - Found order object. ID:538
05-14-2024 @ 07:03:38 - Row :95 - Order imported successfully.
05-14-2024 @ 07:03:38 - Row :96 - Parsing item.
05-14-2024 @ 07:03:38 - Row :96 - Processing item.
05-14-2024 @ 07:03:38 - Found order object. ID:539
05-14-2024 @ 07:03:39 - Row :96 - Order imported successfully.
05-14-2024 @ 07:03:39 - Row :97 - Parsing item.
05-14-2024 @ 07:03:39 - Row :97 - Processing item.
05-14-2024 @ 07:03:39 - Found order object. ID:540
05-14-2024 @ 07:03:39 - Row :97 - Order imported successfully.
05-14-2024 @ 07:03:39 - Row :98 - Parsing item.
05-14-2024 @ 07:03:39 - Row :98 - Processing item.
05-14-2024 @ 07:03:39 - Found order object. ID:541
05-14-2024 @ 07:03:39 - Row :98 - Order imported successfully.
05-14-2024 @ 07:03:39 - Row :99 - Parsing item.
05-14-2024 @ 07:03:39 - Row :99 - Processing item.
05-14-2024 @ 07:03:39 - Found order object. ID:542
05-14-2024 @ 07:03:39 - Row :99 - Order imported successfully.
05-14-2024 @ 07:03:39 - Row :100 - Parsing item.
05-14-2024 @ 07:03:39 - Row :100 - Processing item.
05-14-2024 @ 07:03:39 - Found order object. ID:543
05-14-2024 @ 07:03:39 - Row :100 - Order imported successfully.
05-14-2024 @ 07:03:40 - Preparing for import.
05-14-2024 @ 07:03:40 - Row :101 - Parsing item.
05-14-2024 @ 07:03:40 - Row :101 - Processing item.
05-14-2024 @ 07:03:40 - Found order object. ID:544
05-14-2024 @ 07:03:40 - Row :101 - Order imported successfully.
05-14-2024 @ 07:03:40 - Row :102 - Parsing item.
05-14-2024 @ 07:03:40 - Row :102 - Processing item.
05-14-2024 @ 07:03:40 - Found order object. ID:545
05-14-2024 @ 07:03:40 - Row :102 - Order imported successfully.
05-14-2024 @ 07:03:40 - Row :103 - Parsing item.
05-14-2024 @ 07:03:40 - Row :103 - Processing item.
05-14-2024 @ 07:03:40 - Found order object. ID:546
05-14-2024 @ 07:03:40 - Row :103 - Order imported successfully.
05-14-2024 @ 07:03:40 - Row :104 - Parsing item.
05-14-2024 @ 07:03:40 - Row :104 - Processing item.
05-14-2024 @ 07:03:40 - Found order object. ID:547
05-14-2024 @ 07:03:40 - Row :104 - Order imported successfully.
05-14-2024 @ 07:03:40 - Row :105 - Parsing item.
05-14-2024 @ 07:03:40 - Row :105 - Processing item.
05-14-2024 @ 07:03:40 - Found order object. ID:548
05-14-2024 @ 07:03:41 - Row :105 - Order imported successfully.
05-14-2024 @ 07:03:41 - Row :106 - Parsing item.
05-14-2024 @ 07:03:41 - Row :106 - Processing item.
05-14-2024 @ 07:03:41 - Found order object. ID:549
05-14-2024 @ 07:03:41 - Row :106 - Order imported successfully.
05-14-2024 @ 07:03:41 - Row :107 - Parsing item.
05-14-2024 @ 07:03:41 - Row :107 - Processing item.
05-14-2024 @ 07:03:41 - Found order object. ID:550
05-14-2024 @ 07:03:41 - Row :107 - Order imported successfully.
05-14-2024 @ 07:03:41 - Row :108 - Parsing item.
05-14-2024 @ 07:03:41 - Row :108 - Processing item.
05-14-2024 @ 07:03:41 - Found order object. ID:551
05-14-2024 @ 07:03:41 - Row :108 - Order imported successfully.
05-14-2024 @ 07:03:41 - Row :109 - Parsing item.
05-14-2024 @ 07:03:41 - Row :109 - Processing item.
05-14-2024 @ 07:03:41 - Found order object. ID:552
05-14-2024 @ 07:03:41 - Row :109 - Order imported successfully.
05-14-2024 @ 07:03:41 - Row :110 - Parsing item.
05-14-2024 @ 07:03:41 - Row :110 - Processing item.
05-14-2024 @ 07:03:41 - Found order object. ID:553
05-14-2024 @ 07:03:42 - Row :110 - Order imported successfully.
05-14-2024 @ 07:03:42 - Preparing for import.
05-14-2024 @ 07:03:42 - Row :111 - Parsing item.
05-14-2024 @ 07:03:42 - Row :111 - Processing item.
05-14-2024 @ 07:03:42 - Found order object. ID:554
05-14-2024 @ 07:03:42 - Row :111 - Order imported successfully.
05-14-2024 @ 07:03:42 - Row :112 - Parsing item.
05-14-2024 @ 07:03:42 - Row :112 - Processing item.
05-14-2024 @ 07:03:42 - Found order object. ID:555
05-14-2024 @ 07:03:42 - Row :112 - Order imported successfully.
05-14-2024 @ 07:03:42 - Row :113 - Parsing item.
05-14-2024 @ 07:03:42 - Row :113 - Processing item.
05-14-2024 @ 07:03:42 - Found order object. ID:556
05-14-2024 @ 07:03:42 - Row :113 - Order imported successfully.
05-14-2024 @ 07:03:42 - Row :114 - Parsing item.
05-14-2024 @ 07:03:42 - Row :114 - Processing item.
05-14-2024 @ 07:03:42 - Found order object. ID:557
05-14-2024 @ 07:03:42 - Row :114 - Order imported successfully.
05-14-2024 @ 07:03:42 - Row :115 - Parsing item.
05-14-2024 @ 07:03:42 - Row :115 - Processing item.
05-14-2024 @ 07:03:43 - Found order object. ID:558
05-14-2024 @ 07:03:43 - Row :115 - Order imported successfully.
05-14-2024 @ 07:03:43 - Row :116 - Parsing item.
05-14-2024 @ 07:03:43 - Row :116 - Processing item.
05-14-2024 @ 07:03:43 - Found order object. ID:559
05-14-2024 @ 07:03:43 - Row :116 - Order imported successfully.
05-14-2024 @ 07:03:43 - Row :117 - Parsing item.
05-14-2024 @ 07:03:43 - Row :117 - Processing item.
05-14-2024 @ 07:03:43 - Found order object. ID:560
05-14-2024 @ 07:03:43 - Row :117 - Order imported successfully.
05-14-2024 @ 07:03:43 - Row :118 - Parsing item.
05-14-2024 @ 07:03:43 - Row :118 - Processing item.
05-14-2024 @ 07:03:43 - Found order object. ID:561
05-14-2024 @ 07:03:43 - Row :118 - Order imported successfully.
05-14-2024 @ 07:03:43 - Row :119 - Parsing item.
05-14-2024 @ 07:03:43 - Row :119 - Processing item.
05-14-2024 @ 07:03:43 - Found order object. ID:562
05-14-2024 @ 07:03:43 - Row :119 - Order imported successfully.
05-14-2024 @ 07:03:43 - Row :120 - Parsing item.
05-14-2024 @ 07:03:43 - Row :120 - Processing item.
05-14-2024 @ 07:03:43 - Found order object. ID:563
05-14-2024 @ 07:03:44 - Row :120 - Order imported successfully.
05-14-2024 @ 07:03:44 - Preparing for import.
05-14-2024 @ 07:03:44 - Row :121 - Parsing item.
05-14-2024 @ 07:03:44 - Row :121 - Processing item.
05-14-2024 @ 07:03:44 - Found order object. ID:564
05-14-2024 @ 07:03:44 - Row :121 - Order imported successfully.
05-14-2024 @ 07:03:44 - Row :122 - Parsing item.
05-14-2024 @ 07:03:44 - Row :122 - Processing item.
05-14-2024 @ 07:03:44 - Found order object. ID:565
05-14-2024 @ 07:03:44 - Row :122 - Order imported successfully.
05-14-2024 @ 07:03:44 - Row :123 - Parsing item.
05-14-2024 @ 07:03:44 - Row :123 - Processing item.
05-14-2024 @ 07:03:44 - Found order object. ID:566
05-14-2024 @ 07:03:44 - Row :123 - Order imported successfully.
05-14-2024 @ 07:03:44 - Row :124 - Parsing item.
05-14-2024 @ 07:03:44 - Row :124 - Processing item.
05-14-2024 @ 07:03:45 - Found order object. ID:567
05-14-2024 @ 07:03:45 - Row :124 - Order imported successfully.
05-14-2024 @ 07:03:45 - Row :125 - Parsing item.
05-14-2024 @ 07:03:45 - Row :125 - Processing item.
05-14-2024 @ 07:03:45 - Found order object. ID:568
05-14-2024 @ 07:03:45 - Row :125 - Order imported successfully.
05-14-2024 @ 07:03:45 - Row :126 - Parsing item.
05-14-2024 @ 07:03:45 - Row :126 - Processing item.
05-14-2024 @ 07:03:45 - Found order object. ID:569
05-14-2024 @ 07:03:45 - Row :126 - Order imported successfully.
05-14-2024 @ 07:03:45 - Row :127 - Parsing item.
05-14-2024 @ 07:03:45 - Row :127 - Processing item.
05-14-2024 @ 07:03:45 - Found order object. ID:570
05-14-2024 @ 07:03:45 - Row :127 - Order imported successfully.
05-14-2024 @ 07:03:45 - Row :128 - Parsing item.
05-14-2024 @ 07:03:45 - Row :128 - Processing item.
05-14-2024 @ 07:03:45 - Found order object. ID:571
05-14-2024 @ 07:03:46 - Row :128 - Order imported successfully.
05-14-2024 @ 07:03:46 - Row :129 - Parsing item.
05-14-2024 @ 07:03:46 - Row :129 - Processing item.
05-14-2024 @ 07:03:46 - Found order object. ID:572
05-14-2024 @ 07:03:46 - Row :129 - Order imported successfully.
05-14-2024 @ 07:03:46 - Row :130 - Parsing item.
05-14-2024 @ 07:03:46 - Row :130 - Processing item.
05-14-2024 @ 07:03:46 - Found order object. ID:573
05-14-2024 @ 07:03:46 - Row :130 - Order imported successfully.
05-14-2024 @ 07:03:46 - Preparing for import.
05-14-2024 @ 07:03:46 - Row :131 - Parsing item.
05-14-2024 @ 07:03:46 - Row :131 - Processing item.
05-14-2024 @ 07:03:46 - Found order object. ID:574
05-14-2024 @ 07:03:46 - Row :131 - Order imported successfully.
05-14-2024 @ 07:03:46 - Row :132 - Parsing item.
05-14-2024 @ 07:03:46 - Row :132 - Processing item.
05-14-2024 @ 07:03:46 - Found order object. ID:575
05-14-2024 @ 07:03:46 - Row :132 - Order imported successfully.
05-14-2024 @ 07:03:46 - Row :133 - Parsing item.
05-14-2024 @ 07:03:46 - Row :133 - Processing item.
05-14-2024 @ 07:03:46 - Found order object. ID:576
05-14-2024 @ 07:03:47 - Row :133 - Order imported successfully.
05-14-2024 @ 07:03:47 - Row :134 - Parsing item.
05-14-2024 @ 07:03:47 - Row :134 - Processing item.
05-14-2024 @ 07:03:47 - Found order object. ID:577
05-14-2024 @ 07:03:47 - Row :134 - Order imported successfully.
05-14-2024 @ 07:03:47 - Row :135 - Parsing item.
05-14-2024 @ 07:03:47 - Row :135 - Processing item.
05-14-2024 @ 07:03:47 - Found order object. ID:578
05-14-2024 @ 07:03:47 - Row :135 - Order imported successfully.
05-14-2024 @ 07:03:47 - Row :136 - Parsing item.
05-14-2024 @ 07:03:47 - Row :136 - Processing item.
05-14-2024 @ 07:03:47 - Found order object. ID:579
05-14-2024 @ 07:03:47 - Row :136 - Order imported successfully.
05-14-2024 @ 07:03:47 - Row :137 - Parsing item.
05-14-2024 @ 07:03:47 - Row :137 - Processing item.
05-14-2024 @ 07:03:47 - Found order object. ID:580
05-14-2024 @ 07:03:47 - Row :137 - Order imported successfully.
05-14-2024 @ 07:03:47 - Row :138 - Parsing item.
05-14-2024 @ 07:03:47 - Row :138 - Processing item.
05-14-2024 @ 07:03:47 - Found order object. ID:581
05-14-2024 @ 07:03:48 - Row :138 - Order imported successfully.
05-14-2024 @ 07:03:48 - Row :139 - Parsing item.
05-14-2024 @ 07:03:48 - Row :139 - Processing item.
05-14-2024 @ 07:03:48 - Found order object. ID:582
05-14-2024 @ 07:03:48 - Row :139 - Order imported successfully.
05-14-2024 @ 07:03:48 - Row :140 - Parsing item.
05-14-2024 @ 07:03:48 - Row :140 - Processing item.
05-14-2024 @ 07:03:48 - Found order object. ID:583
05-14-2024 @ 07:03:48 - Row :140 - Order imported successfully.
05-14-2024 @ 07:03:48 - Preparing for import.
05-14-2024 @ 07:03:48 - Row :141 - Parsing item.
05-14-2024 @ 07:03:48 - Row :141 - Processing item.
05-14-2024 @ 07:03:48 - Found order object. ID:584
05-14-2024 @ 07:03:48 - Row :141 - Order imported successfully.
05-14-2024 @ 07:03:48 - Row :142 - Parsing item.
05-14-2024 @ 07:03:48 - Row :142 - Processing item.
05-14-2024 @ 07:03:48 - Found order object. ID:585
05-14-2024 @ 07:03:49 - Row :142 - Order imported successfully.
05-14-2024 @ 07:03:49 - Row :143 - Parsing item.
05-14-2024 @ 07:03:49 - Row :143 - Processing item.
05-14-2024 @ 07:03:49 - Found order object. ID:586
05-14-2024 @ 07:03:49 - Row :143 - Order imported successfully.
05-14-2024 @ 07:03:49 - Row :144 - Parsing item.
05-14-2024 @ 07:03:49 - Row :144 - Processing item.
05-14-2024 @ 07:03:49 - Found order object. ID:587
05-14-2024 @ 07:03:49 - Row :144 - Order imported successfully.
05-14-2024 @ 07:03:49 - Row :145 - Parsing item.
05-14-2024 @ 07:03:49 - Row :145 - Processing item.
05-14-2024 @ 07:03:49 - Found order object. ID:588
05-14-2024 @ 07:03:49 - Row :145 - Order imported successfully.
05-14-2024 @ 07:03:49 - Row :146 - Parsing item.
05-14-2024 @ 07:03:49 - Row :146 - Processing item.
05-14-2024 @ 07:03:49 - Found order object. ID:589
05-14-2024 @ 07:03:49 - Row :146 - Order imported successfully.
05-14-2024 @ 07:03:49 - Row :147 - Parsing item.
05-14-2024 @ 07:03:49 - Row :147 - Processing item.
05-14-2024 @ 07:03:49 - Found order object. ID:590
05-14-2024 @ 07:03:49 - Row :147 - Order imported successfully.
05-14-2024 @ 07:03:49 - Row :148 - Parsing item.
05-14-2024 @ 07:03:49 - Row :148 - Processing item.
05-14-2024 @ 07:03:50 - Found order object. ID:591
05-14-2024 @ 07:03:50 - Row :148 - Order imported successfully.
05-14-2024 @ 07:03:50 - Row :149 - Parsing item.
05-14-2024 @ 07:03:50 - Row :149 - Processing item.
05-14-2024 @ 07:03:50 - Found order object. ID:592
05-14-2024 @ 07:03:50 - Row :149 - Order imported successfully.
05-14-2024 @ 07:03:50 - Row :150 - Parsing item.
05-14-2024 @ 07:03:50 - Row :150 - Processing item.
05-14-2024 @ 07:03:50 - Found order object. ID:593
05-14-2024 @ 07:03:50 - Row :150 - Order imported successfully.
05-14-2024 @ 07:03:50 - Preparing for import.
05-14-2024 @ 07:03:50 - Row :151 - Parsing item.
05-14-2024 @ 07:03:50 - Row :151 - Processing item.
05-14-2024 @ 07:03:51 - Found order object. ID:594
05-14-2024 @ 07:03:51 - Row :151 - Order imported successfully.
05-14-2024 @ 07:03:51 - Row :152 - Parsing item.
05-14-2024 @ 07:03:51 - Row :152 - Processing item.
05-14-2024 @ 07:03:51 - Found order object. ID:595
05-14-2024 @ 07:03:51 - Row :152 - Order imported successfully.
05-14-2024 @ 07:03:51 - Row :153 - Parsing item.
05-14-2024 @ 07:03:51 - Row :153 - Processing item.
05-14-2024 @ 07:03:51 - Found order object. ID:596
05-14-2024 @ 07:03:51 - Row :153 - Order imported successfully.
05-14-2024 @ 07:03:51 - Row :154 - Parsing item.
05-14-2024 @ 07:03:51 - Row :154 - Processing item.
05-14-2024 @ 07:03:52 - Found order object. ID:597
05-14-2024 @ 07:03:52 - Row :154 - Order imported successfully.
05-14-2024 @ 07:03:52 - Row :155 - Parsing item.
05-14-2024 @ 07:03:52 - Row :155 - Processing item.
05-14-2024 @ 07:03:52 - Found order object. ID:598
05-14-2024 @ 07:03:52 - Row :155 - Order imported successfully.
05-14-2024 @ 07:03:52 - Row :156 - Parsing item.
05-14-2024 @ 07:03:52 - Row :156 - Processing item.
05-14-2024 @ 07:03:52 - Found order object. ID:599
05-14-2024 @ 07:03:52 - Row :156 - Order imported successfully.
05-14-2024 @ 07:03:52 - Row :157 - Parsing item.
05-14-2024 @ 07:03:52 - Row :157 - Processing item.
05-14-2024 @ 07:03:52 - Found order object. ID:600
05-14-2024 @ 07:03:52 - Row :157 - Order imported successfully.
05-14-2024 @ 07:03:52 - Row :158 - Parsing item.
05-14-2024 @ 07:03:52 - Row :158 - Processing item.
05-14-2024 @ 07:03:52 - Found order object. ID:601
05-14-2024 @ 07:03:52 - Row :158 - Order imported successfully.
05-14-2024 @ 07:03:52 - Row :159 - Parsing item.
05-14-2024 @ 07:03:52 - Row :159 - Processing item.
05-14-2024 @ 07:03:52 - Found order object. ID:602
05-14-2024 @ 07:03:53 - Row :159 - Order imported successfully.
05-14-2024 @ 07:03:53 - Row :160 - Parsing item.
05-14-2024 @ 07:03:53 - Row :160 - Processing item.
05-14-2024 @ 07:03:53 - Found order object. ID:603
05-14-2024 @ 07:03:53 - Row :160 - Order imported successfully.
05-14-2024 @ 07:03:53 - Preparing for import.
05-14-2024 @ 07:03:53 - Row :161 - Parsing item.
05-14-2024 @ 07:03:53 - Row :161 - Processing item.
05-14-2024 @ 07:03:53 - Found order object. ID:604
05-14-2024 @ 07:03:53 - Row :161 - Order imported successfully.
05-14-2024 @ 07:03:53 - Row :162 - Parsing item.
05-14-2024 @ 07:03:53 - Row :162 - Processing item.
05-14-2024 @ 07:03:53 - Found order object. ID:605
05-14-2024 @ 07:03:53 - Row :162 - Order imported successfully.
05-14-2024 @ 07:03:53 - Row :163 - Parsing item.
05-14-2024 @ 07:03:53 - Row :163 - Processing item.
05-14-2024 @ 07:03:53 - Found order object. ID:606
05-14-2024 @ 07:03:54 - Row :163 - Order imported successfully.
05-14-2024 @ 07:03:54 - Row :164 - Parsing item.
05-14-2024 @ 07:03:54 - Row :164 - Processing item.
05-14-2024 @ 07:03:54 - Found order object. ID:607
05-14-2024 @ 07:03:54 - Row :164 - Order imported successfully.
05-14-2024 @ 07:03:54 - Row :165 - Parsing item.
05-14-2024 @ 07:03:54 - Row :165 - Processing item.
05-14-2024 @ 07:03:54 - Found order object. ID:608
05-14-2024 @ 07:03:54 - Row :165 - Order imported successfully.
05-14-2024 @ 07:03:54 - Row :166 - Parsing item.
05-14-2024 @ 07:03:54 - Row :166 - Processing item.
05-14-2024 @ 07:03:54 - Found order object. ID:609
05-14-2024 @ 07:03:54 - Row :166 - Order imported successfully.
05-14-2024 @ 07:03:54 - Row :167 - Parsing item.
05-14-2024 @ 07:03:54 - Row :167 - Processing item.
05-14-2024 @ 07:03:54 - Found order object. ID:610
05-14-2024 @ 07:03:54 - Row :167 - Order imported successfully.
05-14-2024 @ 07:03:54 - Row :168 - Parsing item.
05-14-2024 @ 07:03:54 - Row :168 - Processing item.
05-14-2024 @ 07:03:54 - Found order object. ID:611
05-14-2024 @ 07:03:54 - Row :168 - Order imported successfully.
05-14-2024 @ 07:03:54 - ---[ Import ended at 2024-05-14 07:03:54]---
