05-14-2024 @ 07:08:55 - ---[ New import started at 2024-05-14 07:08:55 ] PHP Memory: 256 MB, WP Memory: 40 MB
05-14-2024 @ 07:08:55 - Preparing for import.
05-14-2024 @ 07:08:55 - Row :1 - Parsing item.
05-14-2024 @ 07:08:55 - Row :1 - Processing item.
05-14-2024 @ 07:08:55 - Found order object. ID:612
05-14-2024 @ 07:08:55 - Row :1 - Order imported successfully.
05-14-2024 @ 07:08:55 - Row :2 - Parsing item.
05-14-2024 @ 07:08:55 - Row :2 - Processing item.
05-14-2024 @ 07:08:55 - Found order object. ID:613
05-14-2024 @ 07:08:55 - Row :2 - Order imported successfully.
05-14-2024 @ 07:08:55 - Row :3 - Parsing item.
05-14-2024 @ 07:08:55 - Row :3 - Processing item.
05-14-2024 @ 07:08:55 - Found order object. ID:614
05-14-2024 @ 07:08:55 - Row :3 - Order imported successfully.
05-14-2024 @ 07:08:55 - Row :4 - Parsing item.
05-14-2024 @ 07:08:55 - Row :4 - Processing item.
05-14-2024 @ 07:08:55 - Found order object. ID:615
05-14-2024 @ 07:08:55 - Row :4 - Order imported successfully.
05-14-2024 @ 07:08:55 - Row :5 - Parsing item.
05-14-2024 @ 07:08:55 - Row :5 - Processing item.
05-14-2024 @ 07:08:55 - Found order object. ID:616
05-14-2024 @ 07:08:56 - Row :5 - Order imported successfully.
05-14-2024 @ 07:08:56 - Row :6 - Parsing item.
05-14-2024 @ 07:08:56 - Row :6 - Processing item.
05-14-2024 @ 07:08:56 - Found order object. ID:617
05-14-2024 @ 07:08:56 - Row :6 - Order imported successfully.
05-14-2024 @ 07:08:56 - Row :7 - Parsing item.
05-14-2024 @ 07:08:56 - Row :7 - Processing item.
05-14-2024 @ 07:08:56 - Found order object. ID:618
05-14-2024 @ 07:08:56 - Row :7 - Order imported successfully.
05-14-2024 @ 07:08:56 - Row :8 - Parsing item.
05-14-2024 @ 07:08:56 - Row :8 - Processing item.
05-14-2024 @ 07:08:56 - Found order object. ID:619
05-14-2024 @ 07:08:56 - Row :8 - Order imported successfully.
05-14-2024 @ 07:08:56 - Row :9 - Parsing item.
05-14-2024 @ 07:08:56 - Row :9 - Processing item.
05-14-2024 @ 07:08:56 - Found order object. ID:620
05-14-2024 @ 07:08:56 - Row :9 - Order imported successfully.
05-14-2024 @ 07:08:56 - Row :10 - Parsing item.
05-14-2024 @ 07:08:56 - Row :10 - Processing item.
05-14-2024 @ 07:08:56 - Found order object. ID:621
05-14-2024 @ 07:08:57 - Row :10 - Order imported successfully.
05-14-2024 @ 07:08:57 - Preparing for import.
05-14-2024 @ 07:08:57 - Row :11 - Parsing item.
05-14-2024 @ 07:08:57 - Row :11 - Processing item.
05-14-2024 @ 07:08:58 - Found order object. ID:622
05-14-2024 @ 07:08:58 - Row :11 - Order imported successfully.
05-14-2024 @ 07:08:58 - Row :12 - Parsing item.
05-14-2024 @ 07:08:58 - Row :12 - Processing item.
05-14-2024 @ 07:08:58 - Found order object. ID:623
05-14-2024 @ 07:08:58 - Row :12 - Order imported successfully.
05-14-2024 @ 07:08:58 - Row :13 - Parsing item.
05-14-2024 @ 07:08:58 - Row :13 - Processing item.
05-14-2024 @ 07:08:58 - Found order object. ID:624
05-14-2024 @ 07:08:58 - Row :13 - Order imported successfully.
05-14-2024 @ 07:08:58 - Row :14 - Parsing item.
05-14-2024 @ 07:08:58 - Row :14 - Processing item.
05-14-2024 @ 07:08:58 - Found order object. ID:625
05-14-2024 @ 07:08:58 - Row :14 - Order imported successfully.
05-14-2024 @ 07:08:58 - Row :15 - Parsing item.
05-14-2024 @ 07:08:58 - Row :15 - Processing item.
05-14-2024 @ 07:08:58 - Found order object. ID:626
05-14-2024 @ 07:08:58 - Row :15 - Order imported successfully.
05-14-2024 @ 07:08:58 - Row :16 - Parsing item.
05-14-2024 @ 07:08:58 - Row :16 - Processing item.
05-14-2024 @ 07:08:58 - Found order object. ID:627
05-14-2024 @ 07:08:59 - Row :16 - Order imported successfully.
05-14-2024 @ 07:08:59 - Row :17 - Parsing item.
05-14-2024 @ 07:08:59 - Row :17 - Processing item.
05-14-2024 @ 07:08:59 - Found order object. ID:628
05-14-2024 @ 07:08:59 - Row :17 - Order imported successfully.
05-14-2024 @ 07:08:59 - Row :18 - Parsing item.
05-14-2024 @ 07:08:59 - Row :18 - Processing item.
05-14-2024 @ 07:08:59 - Found order object. ID:629
05-14-2024 @ 07:08:59 - Row :18 - Order imported successfully.
05-14-2024 @ 07:08:59 - Row :19 - Parsing item.
05-14-2024 @ 07:08:59 - Row :19 - Processing item.
05-14-2024 @ 07:08:59 - Found order object. ID:630
05-14-2024 @ 07:08:59 - Row :19 - Order imported successfully.
05-14-2024 @ 07:08:59 - Row :20 - Parsing item.
05-14-2024 @ 07:08:59 - Row :20 - Processing item.
05-14-2024 @ 07:08:59 - Found order object. ID:631
05-14-2024 @ 07:08:59 - Row :20 - Order imported successfully.
05-14-2024 @ 07:09:00 - Preparing for import.
05-14-2024 @ 07:09:00 - Row :21 - Parsing item.
05-14-2024 @ 07:09:00 - Row :21 - Processing item.
05-14-2024 @ 07:09:00 - Found order object. ID:632
05-14-2024 @ 07:09:00 - Row :21 - Order imported successfully.
05-14-2024 @ 07:09:00 - Row :22 - Parsing item.
05-14-2024 @ 07:09:00 - Row :22 - Processing item.
05-14-2024 @ 07:09:00 - Found order object. ID:633
05-14-2024 @ 07:09:00 - Row :22 - Order imported successfully.
05-14-2024 @ 07:09:00 - Row :23 - Parsing item.
05-14-2024 @ 07:09:00 - Row :23 - Processing item.
05-14-2024 @ 07:09:00 - Found order object. ID:634
05-14-2024 @ 07:09:00 - Row :23 - Order imported successfully.
05-14-2024 @ 07:09:00 - Row :24 - Parsing item.
05-14-2024 @ 07:09:00 - Row :24 - Processing item.
05-14-2024 @ 07:09:00 - Found order object. ID:635
05-14-2024 @ 07:09:00 - Row :24 - Order imported successfully.
05-14-2024 @ 07:09:00 - Row :25 - Parsing item.
05-14-2024 @ 07:09:00 - Row :25 - Processing item.
05-14-2024 @ 07:09:00 - Found order object. ID:636
05-14-2024 @ 07:09:00 - Row :25 - Order imported successfully.
05-14-2024 @ 07:09:00 - Row :26 - Parsing item.
05-14-2024 @ 07:09:00 - Row :26 - Processing item.
05-14-2024 @ 07:09:00 - Found order object. ID:637
05-14-2024 @ 07:09:01 - Row :26 - Order imported successfully.
05-14-2024 @ 07:09:01 - Row :27 - Parsing item.
05-14-2024 @ 07:09:01 - Row :27 - Processing item.
05-14-2024 @ 07:09:01 - Found order object. ID:638
05-14-2024 @ 07:09:01 - Row :27 - Order imported successfully.
05-14-2024 @ 07:09:01 - Row :28 - Parsing item.
05-14-2024 @ 07:09:01 - Row :28 - Processing item.
05-14-2024 @ 07:09:01 - Found order object. ID:639
05-14-2024 @ 07:09:01 - Row :28 - Order imported successfully.
05-14-2024 @ 07:09:01 - Row :29 - Parsing item.
05-14-2024 @ 07:09:01 - Row :29 - Processing item.
05-14-2024 @ 07:09:01 - Found order object. ID:640
05-14-2024 @ 07:09:01 - Row :29 - Order imported successfully.
05-14-2024 @ 07:09:01 - Row :30 - Parsing item.
05-14-2024 @ 07:09:01 - Row :30 - Processing item.
05-14-2024 @ 07:09:01 - Found order object. ID:641
05-14-2024 @ 07:09:01 - Row :30 - Order imported successfully.
05-14-2024 @ 07:09:01 - Preparing for import.
05-14-2024 @ 07:09:01 - Row :31 - Parsing item.
05-14-2024 @ 07:09:01 - Row :31 - Processing item.
05-14-2024 @ 07:09:02 - Found order object. ID:642
05-14-2024 @ 07:09:02 - Row :31 - Order imported successfully.
05-14-2024 @ 07:09:02 - Row :32 - Parsing item.
05-14-2024 @ 07:09:02 - Row :32 - Processing item.
05-14-2024 @ 07:09:02 - Found order object. ID:643
05-14-2024 @ 07:09:02 - Row :32 - Order imported successfully.
05-14-2024 @ 07:09:02 - Row :33 - Parsing item.
05-14-2024 @ 07:09:02 - Row :33 - Processing item.
05-14-2024 @ 07:09:02 - Found order object. ID:644
05-14-2024 @ 07:09:02 - Row :33 - Order imported successfully.
05-14-2024 @ 07:09:02 - Row :34 - Parsing item.
05-14-2024 @ 07:09:02 - Row :34 - Processing item.
05-14-2024 @ 07:09:02 - Found order object. ID:645
05-14-2024 @ 07:09:02 - Row :34 - Order imported successfully.
05-14-2024 @ 07:09:02 - Row :35 - Parsing item.
05-14-2024 @ 07:09:02 - Row :35 - Processing item.
05-14-2024 @ 07:09:02 - Found order object. ID:646
05-14-2024 @ 07:09:02 - Row :35 - Order imported successfully.
05-14-2024 @ 07:09:02 - Row :36 - Parsing item.
05-14-2024 @ 07:09:02 - Row :36 - Processing item.
05-14-2024 @ 07:09:02 - Found order object. ID:647
05-14-2024 @ 07:09:03 - Row :36 - Order imported successfully.
05-14-2024 @ 07:09:03 - Row :37 - Parsing item.
05-14-2024 @ 07:09:03 - Row :37 - Processing item.
05-14-2024 @ 07:09:03 - Found order object. ID:648
05-14-2024 @ 07:09:03 - Row :37 - Order imported successfully.
05-14-2024 @ 07:09:03 - Row :38 - Parsing item.
05-14-2024 @ 07:09:03 - Row :38 - Processing item.
05-14-2024 @ 07:09:03 - Found order object. ID:649
05-14-2024 @ 07:09:03 - Row :38 - Order imported successfully.
05-14-2024 @ 07:09:03 - Row :39 - Parsing item.
05-14-2024 @ 07:09:03 - Row :39 - Processing item.
05-14-2024 @ 07:09:03 - Found order object. ID:650
05-14-2024 @ 07:09:03 - Row :39 - Order imported successfully.
05-14-2024 @ 07:09:03 - Row :40 - Parsing item.
05-14-2024 @ 07:09:03 - Row :40 - Processing item.
05-14-2024 @ 07:09:03 - Found order object. ID:651
05-14-2024 @ 07:09:03 - Row :40 - Order imported successfully.
05-14-2024 @ 07:09:04 - Preparing for import.
05-14-2024 @ 07:09:04 - Row :41 - Parsing item.
05-14-2024 @ 07:09:04 - Row :41 - Processing item.
05-14-2024 @ 07:09:04 - Found order object. ID:652
05-14-2024 @ 07:09:04 - Row :41 - Order imported successfully.
05-14-2024 @ 07:09:04 - Row :42 - Parsing item.
05-14-2024 @ 07:09:04 - Row :42 - Processing item.
05-14-2024 @ 07:09:04 - Found order object. ID:653
05-14-2024 @ 07:09:04 - Row :42 - Order imported successfully.
05-14-2024 @ 07:09:04 - Row :43 - Parsing item.
05-14-2024 @ 07:09:04 - Row :43 - Processing item.
05-14-2024 @ 07:09:04 - Found order object. ID:654
05-14-2024 @ 07:09:04 - Row :43 - Order imported successfully.
05-14-2024 @ 07:09:04 - Row :44 - Parsing item.
05-14-2024 @ 07:09:04 - Row :44 - Processing item.
05-14-2024 @ 07:09:04 - Found order object. ID:655
05-14-2024 @ 07:09:04 - Row :44 - Order imported successfully.
05-14-2024 @ 07:09:04 - Row :45 - Parsing item.
05-14-2024 @ 07:09:04 - Row :45 - Processing item.
05-14-2024 @ 07:09:04 - Found order object. ID:656
05-14-2024 @ 07:09:04 - Row :45 - Order imported successfully.
05-14-2024 @ 07:09:04 - Row :46 - Parsing item.
05-14-2024 @ 07:09:04 - Row :46 - Processing item.
05-14-2024 @ 07:09:04 - Found order object. ID:657
05-14-2024 @ 07:09:05 - Row :46 - Order imported successfully.
05-14-2024 @ 07:09:05 - Row :47 - Parsing item.
05-14-2024 @ 07:09:05 - Row :47 - Processing item.
05-14-2024 @ 07:09:05 - Found order object. ID:658
05-14-2024 @ 07:09:05 - Row :47 - Order imported successfully.
05-14-2024 @ 07:09:05 - Row :48 - Parsing item.
05-14-2024 @ 07:09:05 - Row :48 - Processing item.
05-14-2024 @ 07:09:05 - Found order object. ID:659
05-14-2024 @ 07:09:05 - Row :48 - Order imported successfully.
05-14-2024 @ 07:09:05 - Row :49 - Parsing item.
05-14-2024 @ 07:09:05 - Row :49 - Processing item.
05-14-2024 @ 07:09:05 - Found order object. ID:660
05-14-2024 @ 07:09:05 - Row :49 - Order imported successfully.
05-14-2024 @ 07:09:05 - Row :50 - Parsing item.
05-14-2024 @ 07:09:05 - Row :50 - Processing item.
05-14-2024 @ 07:09:05 - Found order object. ID:661
05-14-2024 @ 07:09:05 - Row :50 - Order imported successfully.
05-14-2024 @ 07:09:06 - Preparing for import.
05-14-2024 @ 07:09:06 - Row :51 - Parsing item.
05-14-2024 @ 07:09:06 - Row :51 - Processing item.
05-14-2024 @ 07:09:06 - Found order object. ID:662
05-14-2024 @ 07:09:06 - Row :51 - Order imported successfully.
05-14-2024 @ 07:09:06 - Row :52 - Parsing item.
05-14-2024 @ 07:09:06 - Row :52 - Processing item.
05-14-2024 @ 07:09:06 - Found order object. ID:663
05-14-2024 @ 07:09:06 - Row :52 - Order imported successfully.
05-14-2024 @ 07:09:06 - Row :53 - Parsing item.
05-14-2024 @ 07:09:06 - Row :53 - Processing item.
05-14-2024 @ 07:09:06 - Found order object. ID:664
05-14-2024 @ 07:09:06 - Row :53 - Order imported successfully.
05-14-2024 @ 07:09:06 - Row :54 - Parsing item.
05-14-2024 @ 07:09:06 - Row :54 - Processing item.
05-14-2024 @ 07:09:06 - Found order object. ID:665
05-14-2024 @ 07:09:06 - Row :54 - Order imported successfully.
05-14-2024 @ 07:09:06 - Row :55 - Parsing item.
05-14-2024 @ 07:09:06 - Row :55 - Processing item.
05-14-2024 @ 07:09:06 - Found order object. ID:666
05-14-2024 @ 07:09:06 - Row :55 - Order imported successfully.
05-14-2024 @ 07:09:06 - Row :56 - Parsing item.
05-14-2024 @ 07:09:06 - Row :56 - Processing item.
05-14-2024 @ 07:09:07 - Found order object. ID:667
05-14-2024 @ 07:09:07 - Row :56 - Order imported successfully.
05-14-2024 @ 07:09:07 - Row :57 - Parsing item.
05-14-2024 @ 07:09:07 - Row :57 - Processing item.
05-14-2024 @ 07:09:07 - Found order object. ID:668
05-14-2024 @ 07:09:07 - Row :57 - Order imported successfully.
05-14-2024 @ 07:09:07 - Row :58 - Parsing item.
05-14-2024 @ 07:09:07 - Row :58 - Processing item.
05-14-2024 @ 07:09:07 - Found order object. ID:669
05-14-2024 @ 07:09:07 - Row :58 - Order imported successfully.
05-14-2024 @ 07:09:07 - Row :59 - Parsing item.
05-14-2024 @ 07:09:07 - Row :59 - Processing item.
05-14-2024 @ 07:09:07 - Found order object. ID:670
05-14-2024 @ 07:09:07 - Row :59 - Order imported successfully.
05-14-2024 @ 07:09:07 - Row :60 - Parsing item.
05-14-2024 @ 07:09:07 - Row :60 - Processing item.
05-14-2024 @ 07:09:07 - Found order object. ID:671
05-14-2024 @ 07:09:07 - Row :60 - Order imported successfully.
